{"target": 2.9998118912264573, "params": {"C": 189.4401451391894, "epsilon": 0.05190935448523928, "gamma": 0.2761045639045445}}
{"target": 2.9999001833248085, "params": {"C": 189.51079073846518, "epsilon": 0.00294916819183726, "gamma": 0.5322807373820759}}
{"target": 2.9998525242664447, "params": {"C": 184.2988045763982, "epsilon": 0.0298455543655178, "gamma": 0.23557149010537193}}
{"target": 2.999928579955192, "params": {"C": 90.24686321074051, "epsilon": 0.0034830266565026714, "gamma": 0.3657216953619473}}
{"target": 2.9997873835278996, "params": {"C": 189.60531260269195, "epsilon": 0.038275302805381044, "gamma": 0.4412757562614886}}
{"target": 2.9999473980245286, "params": {"C": 428.6660447831257, "epsilon": 0.0019249634746839092, "gamma": 0.3705330626794022}}
{"target": 2.9996417542540055, "params": {"C": 428.60845973899944, "epsilon": 0.053333347415910975, "gamma": 0.47478767917026776}}
{"target": 2.999865071918014, "params": {"C": 424.4246560362065, "epsilon": 0.03172891272422103, "gamma": 0.35465771277280667}}
{"target": 2.9998388006953833, "params": {"C": 428.77027508690315, "epsilon": 0.044571485287071715, "gamma": 0.28012080827357233}}
{"target": 2.9994711987592484, "params": {"C": 189.36078021060464, "epsilon": 0.0637565485982531, "gamma": 0.5491941201399676}}
{"target": 2.9996448065267933, "params": {"C": 90.33829275683158, "epsilon": 0.06591607273556029, "gamma": 0.41049605737651373}}
{"target": 2.9998963415564766, "params": {"C": 90.20500131867013, "epsilon": 0.016324970602728344, "gamma": 0.2983045422508779}}
{"target": 2.9998397830253376, "params": {"C": 264.40029710260114, "epsilon": 0.02703166223853634, "gamma": 0.4664835712524209}}
{"target": 2.9997976667767094, "params": {"C": 358.51352167209245, "epsilon": 0.0534266931246662, "gamma": 0.20299301507682316}}
{"target": 2.9997929616725036, "params": {"C": 176.71387717737701, "epsilon": 0.05643211612354954, "gamma": 0.2760773139336953}}
{"target": 2.9997246348488056, "params": {"C": 90.09800662639564, "epsilon": 0.05198065747971441, "gamma": 0.4132927755006949}}
{"target": 2.999762057454456, "params": {"C": 428.596184353647, "epsilon": 0.06596641523932294, "gamma": 0.28370860085238286}}
{"target": 2.9998584679887417, "params": {"C": 358.62583676535274, "epsilon": 0.015522163533198699, "gamma": 0.5564140775403841}}
{"target": 2.999866166245897, "params": {"C": 330.6448872799795, "epsilon": 0.04016690868110866, "gamma": 0.2671677370578132}}
{"target": 2.999319966426845, "params": {"C": 171.39758372234985, "epsilon": 0.05031175553701489, "gamma": 0.6890890925908528}}
{"target": 2.9998047445007856, "params": {"C": 455.0108315196176, "epsilon": 0.05748966395613288, "gamma": 0.20728808814179334}}
{"target": 2.9998269186538575, "params": {"C": 189.61960375075975, "epsilon": 0.011824643572631348, "gamma": 0.5975960931379821}}
{"target": 2.999919625793869, "params": {"C": 424.72479263202365, "epsilon": 0.005811300781631195, "gamma": 0.47136564344907317}}
{"target": 2.999790241133277, "params": {"C": 147.5434006915154, "epsilon": 0.01717658375172346, "gamma": 0.6076914815432383}}
{"target": 2.999879554161354, "params": {"C": 424.8571828531685, "epsilon": 0.014963138948571097, "gamma": 0.5294751369491711}}
{"target": 2.999959925970866, "params": {"C": 455.0476784006613, "epsilon": 0.010216167777606134, "gamma": 0.3189019778308522}}
{"target": 2.999934966602235, "params": {"C": 330.6643529905049, "epsilon": 0.0124532405825277, "gamma": 0.4138620773172358}}
{"target": 2.999875990979734, "params": {"C": 304.29732238742486, "epsilon": 0.03406615062842837, "gamma": 0.3075859954528528}}
{"target": 2.9998983839933686, "params": {"C": 304.4505503603109, "epsilon": 0.02995425750423995, "gamma": 0.29086247242484625}}
{"target": 2.999924585396626, "params": {"C": 330.7903208136352, "epsilon": 0.01872715841226, "gamma": 0.38716319076830086}}
{"target": 2.9999109192060303, "params": {"C": 330.75008704472214, "epsilon": 0.001178555525040174, "gamma": 0.5041466775551522}}
{"target": 2.9999217265395304, "params": {"C": 89.76486804542651, "epsilon": 0.00548609365589411, "gamma": 0.4186659605100671}}
{"target": 2.999630501390393, "params": {"C": 89.66073299762235, "epsilon": 0.05894346766070603, "gamma": 0.4511726464450463}}
{"target": 2.999804718358745, "params": {"C": 168.72463767341495, "epsilon": 0.04292189259340181, "gamma": 0.38743326533046984}}
{"target": 2.9996338048512254, "params": {"C": 62.94435692598162, "epsilon": 0.06826437467258523, "gamma": 0.4022934375031776}}
{"target": 2.9998755345688632, "params": {"C": 152.18250826961113, "epsilon": 0.01589471611336281, "gamma": 0.5073836618576503}}
{"target": 2.999946060766696, "params": {"C": 304.3210380570829, "epsilon": 0.006931844861424191, "gamma": 0.3966427370425738}}
{"target": 2.9998340121246243, "params": {"C": 424.71376932536003, "epsilon": 0.014487860424709238, "gamma": 0.5996184541378031}}
{"target": 2.999741449160193, "params": {"C": 53.93201750279759, "epsilon": 0.021839041889280188, "gamma": 0.25042249721455356}}
{"target": 2.999910828420339, "params": {"C": 304.46308808975925, "epsilon": 0.01911676791620133, "gamma": 0.41258873526683415}}
{"target": 2.9998803088557042, "params": {"C": 89.79856467322043, "epsilon": 0.016391528723249345, "gamma": 0.27686058163234817}}
{"target": 2.9996791752920675, "params": {"C": 304.3560349840096, "epsilon": 0.03899856063972577, "gamma": 0.5456290369233087}}
{"target": 2.9995845929707228, "params": {"C": 330.57747656820646, "epsilon": 0.05225440728563454, "gamma": 0.529246438734567}}
{"target": 2.9995128859630515, "params": {"C": 330.8650398847234, "epsilon": 0.06645780275985848, "gamma": 0.5029528540030339}}
{"target": 2.999658567744773, "params": {"C": 304.58146283807764, "epsilon": 0.06614151748662885, "gamma": 0.38835630352782413}}
{"target": 2.9996361159689924, "params": {"C": 89.87690331833352, "epsilon": 0.05822935844538774, "gamma": 0.4499940471001548}}
