{"target": 2.7957532384919035, "params": {"C": 242.21783005597428, "epsilon": 0.5295394428601062, "gamma": 4.730748760140643}}
{"target": 2.9816598354486152, "params": {"C": 238.51764761805907, "epsilon": 0.01934956033131368, "gamma": 2.3153149648205624}}
{"target": 2.992759527850468, "params": {"C": 252.7137233902154, "epsilon": 0.03812121537830283, "gamma": 1.6935781387023054}}
{"target": 2.9855486707612364, "params": {"C": 286.4660880360968, "epsilon": 0.001, "gamma": 2.2078507599793764}}
{"target": 2.9648972822501487, "params": {"C": 169.53281834283763, "epsilon": 0.9202034143533477, "gamma": 1.2484100744877487}}
{"target": 2.4566188535964524, "params": {"C": 250.53382498396263, "epsilon": 2.753962254709293, "gamma": 4.719251758413455}}
{"target": 2.993527545253123, "params": {"C": 292.97727781855343, "epsilon": 0.10078585443784716, "gamma": 1.4371576071057353}}
{"target": 2.8248205384160805, "params": {"C": 191.3784479176705, "epsilon": 0.001, "gamma": 5.0}}
{"target": 2.9996746814063795, "params": {"C": 272.7709843635117, "epsilon": 0.049909410173589276, "gamma": 0.46989724126984744}}
{"target": 2.8179371114265575, "params": {"C": 497.56807797884943, "epsilon": 0.12977863450279878, "gamma": 4.935769948164966}}
{"target": 2.9259136830359944, "params": {"C": 219.90854062014384, "epsilon": 0.0415370730303396, "gamma": 3.6007009274794486}}
{"target": 2.824120000469215, "params": {"C": 222.4243009987672, "epsilon": 0.2942993635504745, "gamma": 4.686622655170322}}
{"target": 2.850544101160435, "params": {"C": 220.40156958071682, "epsilon": 2.013442891064429, "gamma": 1.6575822722399003}}
{"target": 2.6260146601945578, "params": {"C": 217.5589094745519, "epsilon": 1.934839668273304, "gamma": 4.550616689260033}}
{"target": 2.9999538028359227, "params": {"C": 222.21198738570092, "epsilon": 0.00400025662143005, "gamma": 0.32361010119243633}}
{"target": 2.983441522046557, "params": {"C": 224.3218906402101, "epsilon": 0.3438077841031189, "gamma": 1.6078556838439986}}
{"target": 2.8727739761318785, "params": {"C": 222.83839517306234, "epsilon": 2.3656338385250635, "gamma": 0.40368647522383055}}
{"target": 1.976723601035113, "params": {"C": 225.84744651751274, "epsilon": 0.001, "gamma": 0.001}}
{"target": 2.9762919350606247, "params": {"C": 222.58993258015633, "epsilon": 0.1486119727588444, "gamma": 2.2509632277595673}}
{"target": 2.7774917059550104, "params": {"C": 225.0341274522838, "epsilon": 1.4429958364408582, "gamma": 3.7766504994206933}}
{"target": 2.9937440606770345, "params": {"C": 217.70267737371958, "epsilon": 0.4699921886730315, "gamma": 0.47814105806350865}}
{"target": 2.998923733347281, "params": {"C": 219.45770914400816, "epsilon": 0.0033113571638349625, "gamma": 1.162080372591874}}
{"target": 2.9475185603185237, "params": {"C": 215.2068251838047, "epsilon": 1.4919948736615847, "gamma": 0.538252475772044}}
{"target": 2.7881762475318097, "params": {"C": 216.8343050216315, "epsilon": 3.239051181621959, "gamma": 0.13109984649719936}}
{"target": 2.967334448994995, "params": {"C": 213.64034782545681, "epsilon": 0.22714543045694968, "gamma": 2.4155295472301885}}
{"target": 2.964034967310761, "params": {"C": 216.76916641912948, "epsilon": 0.29489449216548813, "gamma": 2.4067500254901555}}
{"target": 2.7182419745072637, "params": {"C": 212.45723648133708, "epsilon": 1.026468376216572, "gamma": 4.917270915235312}}
{"target": 2.999386305904507, "params": {"C": 213.1260251591606, "epsilon": 0.11399082506277113, "gamma": 0.3442315986521223}}
{"target": 2.8543664329746963, "params": {"C": 212.70775051907884, "epsilon": 2.3215214062407217, "gamma": 0.952853555712882}}
{"target": 1.975705572249066, "params": {"C": 299.8097852843379, "epsilon": 0.001, "gamma": 0.001}}
{"target": 2.9033122935721725, "params": {"C": 298.08663034907715, "epsilon": 1.4938813537089537, "gamma": 1.7450088895332714}}
{"target": 2.985249925172909, "params": {"C": 244.510439085712, "epsilon": 0.18047658495081206, "gamma": 1.819110746201068}}
{"target": 2.9912151751048572, "params": {"C": 302.8372714339155, "epsilon": 0.551211318651854, "gamma": 0.5669279849554718}}
{"target": 2.9460131200466857, "params": {"C": 185.367692322378, "epsilon": 0.07997499159578711, "gamma": 3.1613361350658424}}
{"target": 2.820849072109142, "params": {"C": 300.64813367461954, "epsilon": 0.22622224400216417, "gamma": 4.798030183477077}}
{"target": 2.071911847040054, "params": {"C": 187.69415556138966, "epsilon": 2.148638227061341, "gamma": 0.001}}
{"target": 2.9954849353621666, "params": {"C": 211.2812993536475, "epsilon": 0.032992113787842836, "gamma": 1.4790002608910242}}
{"target": 2.9994234930716654, "params": {"C": 177.32116039134195, "epsilon": 0.04090863657674655, "gamma": 0.6888584657305126}}
{"target": 2.9748694821504014, "params": {"C": 253.28666479819594, "epsilon": 1.1507057286260463, "gamma": 0.21355153048126835}}
{"target": 2.5635680474689853, "params": {"C": 299.33770842187505, "epsilon": 4.392631229707467, "gamma": 0.32998880124920377}}
{"target": 2.9128145219029618, "params": {"C": 174.15758418543257, "epsilon": 1.4298615118049942, "gamma": 1.6652507965630055}}
{"target": 2.9949708637516985, "params": {"C": 248.38865869261528, "epsilon": 0.001, "gamma": 1.682344980836199}}
{"target": 2.996694323160474, "params": {"C": 496.8794335948742, "epsilon": 0.01596186018196758, "gamma": 1.430580186098596}}
{"target": 2.7735617418316325, "params": {"C": 214.87416693610191, "epsilon": 2.1422485869009154, "gamma": 2.6003811421421523}}
{"target": 2.8582157507021506, "params": {"C": 223.1162201513817, "epsilon": 1.6261927309090265, "gamma": 2.342327139635726}}
{"target": 2.945526018486957, "params": {"C": 273.7119108643613, "epsilon": 1.6481637683227384, "gamma": 0.10451032476866774}}
{"target": 2.9469276143028957, "params": {"C": 209.77412286363517, "epsilon": 0.001, "gamma": 3.268634390699141}}
{"target": 2.9981951725748694, "params": {"C": 214.71862238127227, "epsilon": 0.029400108523903786, "gamma": 1.098339786994773}}
{"target": 2.9221338040724505, "params": {"C": 275.1902593200791, "epsilon": 1.3977662596546474, "gamma": 1.517309250820949}}
{"target": 2.978263078183299, "params": {"C": 271.90012104891906, "epsilon": 0.0207260484077557, "gamma": 2.4345802682267204}}
{"target": 2.999733884971761, "params": {"C": 242.90001735965632, "epsilon": 0.07257140097593724, "gamma": 0.27020430494959313}}
{"target": 2.6529442559922516, "params": {"C": 208.80743767324992, "epsilon": 1.6277249121474044, "gamma": 4.747530704561068}}
{"target": 2.9976559038181074, "params": {"C": 296.59473556913196, "epsilon": 0.15657233934402787, "gamma": 0.8113037433314552}}
{"target": 2.6268546726683533, "params": {"C": 253.9532039181125, "epsilon": 4.1858583728649315, "gamma": 0.1855501212295969}}
{"target": 2.1140274211923282, "params": {"C": 237.32909946474368, "epsilon": 5.0, "gamma": 0.001}}
{"target": 2.9995121643950045, "params": {"C": 279.13769378690347, "epsilon": 0.06021752375243211, "gamma": 0.5381589306218061}}
{"target": 2.0681038649282986, "params": {"C": 201.96555245704945, "epsilon": 2.1188789830854384, "gamma": 0.001}}
{"target": 2.0422373801436087, "params": {"C": 69.4642254249992, "epsilon": 4.693017293966067, "gamma": 4.392925438090172}}
{"target": 2.83936541574993, "params": {"C": 161.72626553374903, "epsilon": 2.2151400732890343, "gamma": 1.3992377577485853}}
{"target": 2.9628935240329204, "params": {"C": 271.2755530462492, "epsilon": 1.380350633607065, "gamma": 0.25334718233537123}}
{"target": 2.8248205384160805, "params": {"C": 109.73288110134446, "epsilon": 0.001, "gamma": 5.0}}
{"target": 2.796731182395745, "params": {"C": 111.0653595812048, "epsilon": 2.110738552093756, "gamma": 2.329149956734655}}
{"target": 2.8500605416851834, "params": {"C": 220.02199821248757, "epsilon": 1.0268352540140357, "gamma": 0.02395251764038084}}
{"target": 2.3488210606418978, "params": {"C": 107.80837425087019, "epsilon": 3.1057830256491896, "gamma": 5.0}}
{"target": 2.8587635982019974, "params": {"C": 114.29267284874975, "epsilon": 0.38886199612218536, "gamma": 4.1694949827474455}}
{"target": 2.992163264863685, "params": {"C": 115.74634870772887, "epsilon": 0.2006734411990823, "gamma": 1.3597367123651987}}
{"target": 2.8779843594252315, "params": {"C": 114.18953846167227, "epsilon": 1.8080687500528814, "gamma": 1.5975124960259324}}
{"target": 2.8603463979056443, "params": {"C": 116.95446318634556, "epsilon": 2.0320314850642687, "gamma": 1.435515608860578}}
{"target": 2.9986417334458215, "params": {"C": 117.70274775742877, "epsilon": 0.11552559962563676, "gamma": 0.15251177838246074}}
{"target": 2.980520916108735, "params": {"C": 117.75965750776851, "epsilon": 0.001, "gamma": 2.401369006976837}}
{"target": 2.9819856584722704, "params": {"C": 119.49359291056133, "epsilon": 0.5301998233357816, "gamma": 1.296972108890275}}
{"target": 2.997031386902782, "params": {"C": 121.53489890587865, "epsilon": 0.3312683509526838, "gamma": 0.37893694957650914}}
{"target": 2.7439453204325863, "params": {"C": 121.62647270393596, "epsilon": 2.615078522844873, "gamma": 0.024970385041264823}}
{"target": 2.963557631137034, "params": {"C": 121.15831515919075, "epsilon": 0.1673761545436653, "gamma": 2.6107951003704453}}
{"target": 2.9824999058372033, "params": {"C": 123.38498903270522, "epsilon": 0.14547142485228648, "gamma": 2.0160432426411936}}
{"target": 2.0022610516970096, "params": {"C": 123.90453753322288, "epsilon": 0.001, "gamma": 0.001}}
{"target": 2.912802077090615, "params": {"C": 122.90682097656708, "epsilon": 0.11126631500248833, "gamma": 3.7269331106183055}}
{"target": 2.8268595722991985, "params": {"C": 116.74219652815133, "epsilon": 0.08757930604842762, "gamma": 4.884361679399973}}
{"target": 2.003627502477441, "params": {"C": 114.0161683973396, "epsilon": 0.001, "gamma": 0.001}}
{"target": 2.606451211909193, "params": {"C": 115.00622503057659, "epsilon": 2.730560369722449, "gamma": 3.4081899263337103}}
{"target": 2.7899884770782895, "params": {"C": 124.50705268729168, "epsilon": 1.5404376579292312, "gamma": 3.476719303263777}}
{"target": 2.1092560481816203, "params": {"C": 221.31690370887546, "epsilon": 5.0, "gamma": 0.0010000000000000668}}
{"target": 2.9079649626832325, "params": {"C": 218.37039337109627, "epsilon": 1.2623291699577905, "gamma": 2.1101590639847445}}
{"target": 2.8987762335488982, "params": {"C": 122.40229216962967, "epsilon": 1.470941668283095, "gamma": 1.8919485712383892}}
{"target": 2.971343941169756, "params": {"C": 382.9554957878246, "epsilon": 1.1937765115079662, "gamma": 0.27047966330642353}}
{"target": 2.7291191662497494, "params": {"C": 382.2657928308234, "epsilon": 2.8573291227450004, "gamma": 1.652597380911451}}
{"target": 2.9997813998199105, "params": {"C": 384.9553121415966, "epsilon": 0.0328084618632451, "gamma": 0.49102666854006044}}
{"target": 2.9779554223904974, "params": {"C": 383.62202592972835, "epsilon": 0.1949967874531329, "gamma": 2.113500942197977}}
{"target": 2.89238004524064, "params": {"C": 385.2854308612065, "epsilon": 1.8203304051037046, "gamma": 1.266031138538414}}
{"target": 2.950329992454015, "params": {"C": 385.44044894365936, "epsilon": 0.2420746622281221, "gamma": 2.83553403964259}}
{"target": 2.997765741460987, "params": {"C": 387.58331461102625, "epsilon": 0.10441810279978105, "gamma": 0.9126400581148483}}
{"target": 2.88916512582067, "params": {"C": 387.5227809015538, "epsilon": 1.2792536392001608, "gamma": 2.454124668948332}}
{"target": 2.999550966527557, "params": {"C": 381.25109746441325, "epsilon": 0.001, "gamma": 0.8961280061017961}}
{"target": 2.9525869642038334, "params": {"C": 379.70150948480267, "epsilon": 0.45993145737738694, "gamma": 2.466407853014131}}
{"target": 2.865320966568735, "params": {"C": 381.93093376115405, "epsilon": 0.14557858657032116, "gamma": 4.363943260672922}}
{"target": 2.9819802828967776, "params": {"C": 378.526102169532, "epsilon": 0.9842273468814997, "gamma": 0.20455430092044863}}
{"target": 2.9511013202376164, "params": {"C": 380.5843546573391, "epsilon": 1.555484642865917, "gamma": 0.15741404689833013}}
{"target": 2.7504917176043713, "params": {"C": 378.1862111084748, "epsilon": 2.604765379860514, "gamma": 1.911848651957558}}
{"target": 2.9093498155963338, "params": {"C": 388.76058427834613, "epsilon": 1.8876726047512236, "gamma": 0.035038915667171544}}
{"target": 2.990911220575728, "params": {"C": 389.89216398789813, "epsilon": 0.23035348501476813, "gamma": 1.3989907055031632}}
{"target": 2.9915240443855593, "params": {"C": 391.7125229245476, "epsilon": 0.3959054659318177, "gamma": 0.08516021958545782}}
{"target": 2.9796026626777428, "params": {"C": 392.54375128905554, "epsilon": 0.2996957336897656, "gamma": 1.8753966224978655}}
{"target": 2.99192388875778, "params": {"C": 394.08465496500565, "epsilon": 0.5405744700978591, "gamma": 0.5013072087653205}}
{"target": 2.8809489242881914, "params": {"C": 392.6909919095268, "epsilon": 2.286220717679757, "gamma": 0.45446821463801124}}
{"target": 2.977046533796716, "params": {"C": 395.00240219333773, "epsilon": 0.001, "gamma": 2.518501934966895}}
{"target": 2.9701602427481437, "params": {"C": 396.5132082682067, "epsilon": 1.0198366426198449, "gamma": 0.8081833892420122}}
{"target": 2.816985055106407, "params": {"C": 395.04729917378774, "epsilon": 2.132324501786786, "gamma": 1.960799722329062}}
{"target": 2.9370660609171244, "params": {"C": 397.70936608044025, "epsilon": 0.4180509621409891, "gamma": 2.880645779797926}}
{"target": 2.8419958759742783, "params": {"C": 398.5892839815909, "epsilon": 2.172092048191345, "gamma": 1.4518323306105017}}
{"target": 2.6279111481145594, "params": {"C": 384.5544737434169, "epsilon": 1.9061125882085754, "gamma": 4.575918511156639}}
{"target": 2.7497015508234193, "params": {"C": 396.194975669386, "epsilon": 0.8114479695803116, "gamma": 4.866859170389209}}
{"target": 2.913838915545977, "params": {"C": 390.5510986566748, "epsilon": 0.06334605241217153, "gamma": 3.7719614602423035}}
{"target": 2.8369936583726334, "params": {"C": 378.5209296520929, "epsilon": 0.06866272881546677, "gamma": 4.790762515256544}}
{"target": 2.9958225598258714, "params": {"C": 377.3265910400912, "epsilon": 0.008335895863255869, "gamma": 1.5695775610299707}}
{"target": 2.9686344932587234, "params": {"C": 375.53574413048403, "epsilon": 1.127291663029859, "gamma": 0.5959891757850132}}
{"target": 2.9280780618391065, "params": {"C": 375.1272965035725, "epsilon": 0.4870593465127293, "gamma": 2.9719769344527367}}
{"target": 2.9985085224799235, "params": {"C": 372.98846354422466, "epsilon": 0.19813719162872948, "gamma": 0.4268213817268841}}
{"target": 2.9994157379176247, "params": {"C": 370.34792289931477, "epsilon": 0.0899255665932248, "gamma": 0.4586639555901229}}
{"target": 2.9903735320194733, "params": {"C": 371.4906514520586, "epsilon": 0.07821149124066147, "gamma": 1.7336331682371582}}
{"target": 2.9832133571594905, "params": {"C": 368.8554913873869, "epsilon": 0.19647286831013208, "gamma": 1.887495544006642}}
{"target": 2.9675443845216702, "params": {"C": 368.73775165038336, "epsilon": 1.2563195654935047, "gamma": 0.10116644712022178}}
{"target": 2.8646842401311154, "params": {"C": 370.1156162996607, "epsilon": 0.49670659627587394, "gamma": 3.9655930156827117}}
{"target": 2.821125080749728, "params": {"C": 369.5249424552373, "epsilon": 2.08102365058816, "gamma": 2.0085541768040187}}
{"target": 2.9921029764440563, "params": {"C": 366.7479094926063, "epsilon": 0.3642124185602252, "gamma": 1.0024388479516706}}
{"target": 2.8563464676631396, "params": {"C": 366.8039865998184, "epsilon": 0.9070209734546206, "gamma": 3.560835440279528}}
{"target": 2.827836728991595, "params": {"C": 366.32713017271107, "epsilon": 2.8061225740970053, "gamma": 0.08698176039626278}}
{"target": 1.9787612374899952, "params": {"C": 398.3784841376605, "epsilon": 0.001, "gamma": 0.001}}
{"target": 2.9935284456495737, "params": {"C": 364.57129921857893, "epsilon": 0.20520927699499536, "gamma": 1.2356346136083105}}
{"target": 2.9482001713486374, "params": {"C": 363.875331747009, "epsilon": 0.08781608160325981, "gamma": 3.1021459782969103}}
{"target": 2.710343506393431, "params": {"C": 364.30426660695014, "epsilon": 2.5570637233594162, "gamma": 2.5622778959667287}}
{"target": 2.9763207664317237, "params": {"C": 362.0655297716676, "epsilon": 0.48818004679409854, "gamma": 1.6499700862671918}}
{"target": 2.982799347598996, "params": {"C": 362.8838815583373, "epsilon": 0.886139897835581, "gamma": 0.1313962209489514}}
{"target": 2.9934904635600157, "params": {"C": 360.19766617587476, "epsilon": 0.5428324611067089, "gamma": 0.34226220824487474}}
{"target": 2.8589773706749035, "params": {"C": 360.0258336638232, "epsilon": 1.7731930746875952, "gamma": 2.029362761621075}}
{"target": 2.8800391108247063, "params": {"C": 361.0971152348429, "epsilon": 2.3753361031100644, "gamma": 0.1275681725171762}}
{"target": 2.992873742304583, "params": {"C": 357.5400046959512, "epsilon": 0.5341920939440574, "gamma": 0.1256386177038526}}
{"target": 2.9998201585652042, "params": {"C": 354.6718882691231, "epsilon": 0.049661260663089866, "gamma": 0.3045729068797358}}
{"target": 2.954834689571861, "params": {"C": 356.1229578280935, "epsilon": 0.6994288011131059, "gamma": 2.010585267936884}}
{"target": 2.9838878492039003, "params": {"C": 353.6340225313368, "epsilon": 0.001, "gamma": 2.275638982184927}}
{"target": 2.8915546201606457, "params": {"C": 354.08666146350834, "epsilon": 2.0193625954413337, "gamma": 0.8831220926419174}}
{"target": 2.9994327146348194, "params": {"C": 351.98906046814193, "epsilon": 0.07232209748021888, "gamma": 0.5322885642541748}}
{"target": 2.8765023607929017, "params": {"C": 351.3114000294923, "epsilon": 1.4594740454461648, "gamma": 2.345784083595063}}
{"target": 2.9673594043347267, "params": {"C": 349.72750219287593, "epsilon": 0.13445554892532124, "gamma": 0.03826303525408892}}
{"target": 2.0781897363564052, "params": {"C": 351.01513127668153, "epsilon": 2.1456028895528476, "gamma": 0.001}}
{"target": 2.9434959881814793, "params": {"C": 349.22596275253983, "epsilon": 0.31012179787923594, "gamma": 2.893510064304259}}
{"target": 2.898740888995562, "params": {"C": 351.9114492881547, "epsilon": 0.060774593601279715, "gamma": 4.005411636902404}}
{"target": 2.9901869696077723, "params": {"C": 347.5997559186409, "epsilon": 0.31628008150439424, "gamma": 1.261244709548907}}
{"target": 2.8530509515393967, "params": {"C": 356.2660515170346, "epsilon": 2.5489098897825113, "gamma": 0.03756519364009895}}
{"target": 2.982232903307401, "params": {"C": 358.5550435088933, "epsilon": 0.046221055132878594, "gamma": 2.227542960839516}}
{"target": 2.8569567532244524, "params": {"C": 346.792968569213, "epsilon": 0.8366100696092608, "gamma": 3.6456319534998594}}
{"target": 2.902558261113265, "params": {"C": 360.9192223449726, "epsilon": 0.17742701432936134, "gamma": 3.809428675905107}}
{"target": 2.555434992876465, "params": {"C": 399.19233408217747, "epsilon": 2.634125423461385, "gamma": 4.074783119025951}}
{"target": 2.9997625944409894, "params": {"C": 226.0003422102098, "epsilon": 0.05070239004750891, "gamma": 0.20005718740867245}}
{"target": 2.9999000825040567, "params": {"C": 172.0963091369647, "epsilon": 0.0111261564663808, "gamma": 0.2461692973843989}}
{"target": 2.999875409797902, "params": {"C": 117.54229934750532, "epsilon": 0.024843690165970298, "gamma": 0.3983837371153349}}
{"target": 2.99975375242833, "params": {"C": 283.24386498157776, "epsilon": 0.029924421493827343, "gamma": 0.5426097501983798}}
{"target": 2.999686229439421, "params": {"C": 126.0925573738132, "epsilon": 0.06159010311097524, "gamma": 0.2136937965989631}}
{"target": 2.999814132881467, "params": {"C": 345.11972978384904, "epsilon": 0.029794031363331763, "gamma": 0.4793449142228758}}
{"target": 2.999823981708422, "params": {"C": 172.25750424020706, "epsilon": 0.027390506663329945, "gamma": 0.21554974534317084}}
{"target": 2.999927049035198, "params": {"C": 171.87586865230844, "epsilon": 0.008396338414395254, "gamma": 0.2720361928735054}}
{"target": 2.99988661648566, "params": {"C": 171.87488200732795, "epsilon": 0.006537283232462649, "gamma": 0.534774368003593}}
{"target": 2.9997409472775782, "params": {"C": 136.93198796219465, "epsilon": 0.011735709819787003, "gamma": 0.6736517255385837}}
{"target": 2.999814878724991, "params": {"C": 371.3403443841735, "epsilon": 0.05127422895569775, "gamma": 0.2973440157911376}}
{"target": 2.9998962523422477, "params": {"C": 171.53689044901958, "epsilon": 0.013811525502732808, "gamma": 0.2475935364057853}}
{"target": 2.9997371722962094, "params": {"C": 479.0594205043618, "epsilon": 0.04682092769310129, "gamma": 0.4353603199645911}}
{"target": 2.9992162810181, "params": {"C": 259.704379751181, "epsilon": 0.05904132848752691, "gamma": 0.6895342191822885}}
{"target": 2.9997201176122243, "params": {"C": 118.68164750716784, "epsilon": 0.05239778984661236, "gamma": 0.41636738818514674}}
{"target": 2.999730043321409, "params": {"C": 116.49670529539551, "epsilon": 0.018745511529513717, "gamma": 0.6453195061445839}}
{"target": 2.9998031776969274, "params": {"C": 170.0863299857822, "epsilon": 0.01832811526981639, "gamma": 0.20568281542455058}}
{"target": 2.999508732702706, "params": {"C": 372.7628782148828, "epsilon": 0.06262394191130911, "gamma": 0.5265289187492759}}
{"target": 2.999714351087466, "params": {"C": 370.0997473698145, "epsilon": 0.06615517509870376, "gamma": 0.3403825161000118}}
{"target": 2.999952190060653, "params": {"C": 346.42349777742356, "epsilon": 0.0035881343427523952, "gamma": 0.35519902264874637}}
{"target": 2.9993916215185528, "params": {"C": 347.1779888735152, "epsilon": 0.052632800405478804, "gamma": 0.6472262241391749}}
{"target": 2.999695215129934, "params": {"C": 318.4035905374053, "epsilon": 0.03946004079924001, "gamma": 0.5268034601508899}}
{"target": 2.9997612627288515, "params": {"C": 371.30463852932064, "epsilon": 0.06630773064935866, "gamma": 0.2818681047491246}}
