{"target": 2.8724994724449373, "params": {"C": 418.343287564893, "epsilon": 2.467007091275316, "gamma": 0.13538867943316807}}
{"target": 2.9831278811191995, "params": {"C": 48.58778453434302, "epsilon": 0.1912609318763767, "gamma": 0.08031526081387538}}
{"target": 2.826747548890191, "params": {"C": 421.42025695923036, "epsilon": 0.05106190223932645, "gamma": 4.9251501434798515}}
{"target": 2.3960568700505815, "params": {"C": 40.32688103215148, "epsilon": 3.6673337522536946, "gamma": 3.557405154769906}}
{"target": 2.9887900323123375, "params": {"C": 54.072274287097684, "epsilon": 0.5601564350130985, "gamma": 0.11121560324464433}}
{"target": 2.9948285806765336, "params": {"C": 418.93506193711727, "epsilon": 0.001, "gamma": 1.6938023814325716}}
{"target": 2.8058435216273425, "params": {"C": 36.45445472248648, "epsilon": 0.5343166867193272, "gamma": 4.617532823370198}}
{"target": 2.996003702100233, "params": {"C": 416.73723643528524, "epsilon": 0.04611698979018894, "gamma": 1.3582153217359956}}
{"target": 2.91223809409571, "params": {"C": 33.0103741452108, "epsilon": 0.5558588299103182, "gamma": 3.174903391435368}}
{"target": 2.3646259937021314, "params": {"C": 51.18672898299897, "epsilon": 0.03589811449109334, "gamma": 0.010199203399159966}}
{"target": 2.967232665505167, "params": {"C": 435.726751806215, "epsilon": 1.265396616071386, "gamma": 0.10204656833264152}}
{"target": 2.9973422902926448, "params": {"C": 34.606674803851, "epsilon": 0.001, "gamma": 1.4343343130956718}}
{"target": 2.9700054467919426, "params": {"C": 32.83212430618405, "epsilon": 0.9271080707665222, "gamma": 1.0058174346984696}}
{"target": 2.8540678906864736, "params": {"C": 34.91559127663325, "epsilon": 1.9710451101043016, "gamma": 1.6868910694244286}}
{"target": 2.9188048297347136, "params": {"C": 30.5844722272398, "epsilon": 1.072945246676629, "gamma": 2.2352269164909497}}
{"target": 2.2983715580879958, "params": {"C": 30.94968548324761, "epsilon": 0.001, "gamma": 0.010607278311738948}}
{"target": 2.633836625581773, "params": {"C": 32.231335984857786, "epsilon": 2.661819167680529, "gamma": 3.251989317174491}}
{"target": 2.994700551533857, "params": {"C": 448.5715674649562, "epsilon": 0.039584610482186554, "gamma": 1.5289415691361534}}
{"target": 2.896266162029352, "params": {"C": 29.742562392539803, "epsilon": 0.1343660245128819, "gamma": 3.9549189534568807}}
{"target": 2.9998398579614305, "params": {"C": 431.74725553066725, "epsilon": 0.04386605597066758, "gamma": 0.3154598795482824}}
{"target": 2.980347895263942, "params": {"C": 53.69744133632707, "epsilon": 0.06111471404455414, "gamma": 2.2659702607464096}}
{"target": 2.6410956704295474, "params": {"C": 28.323680506490696, "epsilon": 2.4814702429811146, "gamma": 3.5215044707258465}}
{"target": 2.5480136965082725, "params": {"C": 34.12765427489317, "epsilon": 1.9029587997049264, "gamma": 0.01668149916769579}}
{"target": 2.4763362474590336, "params": {"C": 372.8327915053923, "epsilon": 3.954684272472073, "gamma": 2.0857501469231257}}
{"target": 2.9654337048299007, "params": {"C": 36.4758769319103, "epsilon": 0.5204257668905059, "gamma": 1.9977969821012247}}
{"target": 2.994133989516045, "params": {"C": 440.92891640836785, "epsilon": 0.08977613859891903, "gamma": 1.4095545890794958}}
{"target": 2.6647800717885604, "params": {"C": 487.5646502944737, "epsilon": 2.359189544540807, "gamma": 3.4960505607399415}}
{"target": 2.8248205384160805, "params": {"C": 31.71288900811023, "epsilon": 0.001, "gamma": 5.0}}
{"target": 2.9718644549132534, "params": {"C": 428.22004585732276, "epsilon": 0.8537532017249533, "gamma": 0.04580359783798653}}
{"target": 2.2459372367615846, "params": {"C": 299.3380863972517, "epsilon": 3.849895111564136, "gamma": 4.481297434776804}}
{"target": 2.7761843119850194, "params": {"C": 183.24551719839462, "epsilon": 0.5002880267418155, "gamma": 4.964663023544356}}
{"target": 2.779631882463814, "params": {"C": 185.66729106424805, "epsilon": 2.465976880750158, "gamma": 1.800994593882091}}
{"target": 2.9675291698337096, "params": {"C": 49.88055658154502, "epsilon": 0.001, "gamma": 2.7954362302567786}}
{"target": 2.687918589613409, "params": {"C": 181.3353550681337, "epsilon": 3.0485166141962816, "gamma": 1.7654308314891904}}
{"target": 2.948903237435925, "params": {"C": 34.85817558104178, "epsilon": 0.018279302384398455, "gamma": 3.199982154518189}}
{"target": 2.780424733192193, "params": {"C": 188.0002341873236, "epsilon": 0.5588283929799346, "gamma": 4.855352457915908}}
{"target": 1.9462444840007054, "params": {"C": 188.3340537279744, "epsilon": 4.87366694573923, "gamma": 4.776204766823032}}
{"target": 1.9046685112061281, "params": {"C": 232.36128561412826, "epsilon": 4.926829338505398, "gamma": 4.99438565528834}}
{"target": 2.1097720556709727, "params": {"C": 120.71373605289673, "epsilon": 4.1415915139581125, "gamma": 4.996499207090554}}
{"target": 2.0387412509936884, "params": {"C": 391.77374708429676, "epsilon": 4.438232971012922, "gamma": 4.962370711353083}}
{"target": 1.8840340164186467, "params": {"C": 0.238354364957987, "epsilon": 0.7315768117539804, "gamma": 0.7898071853274432}}
{"target": 2.0070636296590787, "params": {"C": 356.20602941217817, "epsilon": 4.985690867361338, "gamma": 4.021297785504581}}
{"target": 2.977311531176435, "params": {"C": 187.72592415046122, "epsilon": 0.047839548359814695, "gamma": 0.06506059432966245}}
{"target": 2.9527555551651097, "params": {"C": 189.86544626548547, "epsilon": 1.3957602433448961, "gamma": 0.5952035168928063}}
{"target": 2.974307715902673, "params": {"C": 192.85745767343965, "epsilon": 0.8585730159368605, "gamma": 0.9610474452721016}}
{"target": 2.979683517308893, "params": {"C": 190.93342790126468, "epsilon": 0.001, "gamma": 2.4305827390365207}}
{"target": 2.893237370570886, "params": {"C": 193.5048931140558, "epsilon": 0.6604460568174614, "gamma": 3.35239563497194}}
{"target": 2.6784234421915203, "params": {"C": 192.48665970565267, "epsilon": 2.9102219626781034, "gamma": 2.1889784726933805}}
{"target": 2.997935830633539, "params": {"C": 195.25218284933706, "epsilon": 0.19518269536093966, "gamma": 0.1361058333877798}}
{"target": 2.9176369817278913, "params": {"C": 196.2725145517153, "epsilon": 1.2548194947581082, "gamma": 1.915254890693358}}
{"target": 2.999082863696119, "params": {"C": 198.62885521401296, "epsilon": 0.17509739196411045, "gamma": 0.22921471864879064}}
{"target": 2.085486299349167, "params": {"C": 197.59293115412075, "epsilon": 2.4167436020243485, "gamma": 0.001}}
{"target": 2.920053179883154, "params": {"C": 198.46287185337286, "epsilon": 0.1135234338051782, "gamma": 3.603994698327623}}
{"target": 2.9972225937194628, "params": {"C": 200.50586343845663, "epsilon": 0.001, "gamma": 1.4630207650924583}}
{"target": 2.9996477999944866, "params": {"C": 190.95969694901973, "epsilon": 0.04084003835825591, "gamma": 0.17788967487064788}}
{"target": 2.992629186300375, "params": {"C": 194.5906507331259, "epsilon": 0.002222274470270743, "gamma": 1.8450450508091754}}
{"target": 2.8506161193361432, "params": {"C": 201.61937422037485, "epsilon": 0.47121172396431116, "gamma": 4.175670859168922}}
{"target": 2.8510021803243593, "params": {"C": 196.21086461427328, "epsilon": 0.012235734893843844, "gamma": 4.687814180117241}}
{"target": 2.963902229694085, "params": {"C": 203.34452586982897, "epsilon": 1.1152183911850064, "gamma": 0.8564997430236058}}
{"target": 2.7061425822877014, "params": {"C": 201.8979243022346, "epsilon": 2.675675065223993, "gamma": 2.358837391490403}}
{"target": 2.9073292686648653, "params": {"C": 205.01669882853386, "epsilon": 0.8862081568265245, "gamma": 2.787596418632327}}
{"target": 2.9815576429349586, "params": {"C": 201.4663231411679, "epsilon": 0.14143936757174222, "gamma": 0.07563165565116904}}
{"target": 2.9777993065644326, "params": {"C": 187.40060632248031, "epsilon": 0.02980820869617806, "gamma": 2.4296276212159125}}
{"target": 1.9764211767505304, "params": {"C": 205.12573155679456, "epsilon": 0.001, "gamma": 0.001}}
{"target": 2.7092983371534585, "params": {"C": 204.76717470111157, "epsilon": 1.1036745467996347, "gamma": 4.908418760227354}}
{"target": 2.9942547418403254, "params": {"C": 184.68680464013684, "epsilon": 0.35250024748609077, "gamma": 0.7627623030301823}}
{"target": 2.998164715765979, "params": {"C": 181.73315730649395, "epsilon": 0.052475120017220565, "gamma": 0.9857294296748019}}
{"target": 2.9997841161692516, "params": {"C": 178.85823061006036, "epsilon": 0.05911571254849471, "gamma": 0.2665083607553017}}
{"target": 2.9579447108767734, "params": {"C": 178.3907307015462, "epsilon": 0.3690391626063715, "gamma": 2.4637864164956094}}
{"target": 2.9435130224147232, "params": {"C": 176.86176538764244, "epsilon": 1.566072805294773, "gamma": 0.46752089594970037}}
{"target": 2.9849921729709576, "params": {"C": 175.6091272394265, "epsilon": 0.001, "gamma": 2.2310604340715936}}
{"target": 2.75089736279943, "params": {"C": 176.183777246222, "epsilon": 2.137455329072704, "gamma": 2.9128575670826438}}
{"target": 2.988527936064285, "params": {"C": 173.35261351713578, "epsilon": 0.7230579695330795, "gamma": 0.15111880285867424}}
{"target": 2.976936097762281, "params": {"C": 172.81811146301905, "epsilon": 0.001, "gamma": 2.522049012413531}}
{"target": 2.9998442463300017, "params": {"C": 170.83321794221789, "epsilon": 0.001, "gamma": 0.6280138923251184}}
{"target": 2.8294499297238476, "params": {"C": 171.60620990368747, "epsilon": 2.256242873973645, "gamma": 1.478709094120678}}
{"target": 2.9540589195789777, "params": {"C": 169.87731109087366, "epsilon": 0.001, "gamma": 3.1185082982608643}}
{"target": 2.9996136318933693, "params": {"C": 168.11285704840367, "epsilon": 0.001, "gamma": 0.8649343591078777}}
{"target": 2.883620666216852, "params": {"C": 166.8325476767279, "epsilon": 0.756229935595407, "gamma": 3.373832143591599}}
{"target": 2.8315086146509034, "params": {"C": 168.24034801234274, "epsilon": 2.427418524243104, "gamma": 1.0871591281210575}}
{"target": 2.8248205384160805, "params": {"C": 174.00580570889858, "epsilon": 0.001, "gamma": 5.0}}
{"target": 2.9928778640761275, "params": {"C": 164.81134210972735, "epsilon": 0.39794288128360644, "gamma": 0.8186563626722998}}
{"target": 2.718945168370574, "params": {"C": 164.47262645015527, "epsilon": 2.995602154405331, "gamma": 1.4781945913568555}}
{"target": 2.5544352482618087, "params": {"C": 169.76237880198403, "epsilon": 2.2147028537078897, "gamma": 4.754474777832302}}
{"target": 2.0023504531017475, "params": {"C": 166.47731319991934, "epsilon": 0.8327064602036599, "gamma": 0.001}}
{"target": 2.9506567077871058, "params": {"C": 162.80530799851303, "epsilon": 0.523069723694082, "gamma": 2.4207924420198728}}
{"target": 2.9967347325109204, "params": {"C": 162.81856590843316, "epsilon": 0.3657224481831158, "gamma": 0.2784001937240693}}
{"target": 2.978376976661128, "params": {"C": 164.74259309101484, "epsilon": 0.10286578253167229, "gamma": 2.255168682550654}}
{"target": 2.98140054301427, "params": {"C": 183.59715415970265, "epsilon": 0.08856912904996433, "gamma": 2.165033287204614}}
{"target": 2.9622527821998914, "params": {"C": 168.4114420229833, "epsilon": 0.3249818359872716, "gamma": 2.412712400597651}}
{"target": 2.9501425258816063, "params": {"C": 180.5968581852716, "epsilon": 0.2974780362082543, "gamma": 2.760913411091339}}
{"target": 2.7992238282340876, "params": {"C": 174.04510666737934, "epsilon": 3.0172063576795085, "gamma": 0.08507659249230348}}
{"target": 2.9901635170985394, "params": {"C": 175.1413194392633, "epsilon": 0.10806539522037063, "gamma": 0.0979514107435722}}
{"target": 2.683846702687707, "params": {"C": 164.1626874577164, "epsilon": 1.4384010225837245, "gamma": 4.722674632426748}}
{"target": 2.985788284956262, "params": {"C": 202.6083721038588, "epsilon": 0.001, "gamma": 2.1976877415554656}}
{"target": 2.7454364095987893, "params": {"C": 179.15891107344248, "epsilon": 0.8005514929610337, "gamma": 4.920353380659721}}
{"target": 2.9602060841005153, "params": {"C": 183.2403689954765, "epsilon": 1.215857814820011, "gamma": 0.0570930012414166}}
{"target": 2.9966466486015713, "params": {"C": 189.03000933153015, "epsilon": 0.06291485272228808, "gamma": 1.1976220507663562}}
{"target": 2.4863756593090196, "params": {"C": 196.77749376921858, "epsilon": 2.716700698312569, "gamma": 4.534233244227365}}
{"target": 2.989484202128092, "params": {"C": 197.80858724379172, "epsilon": 0.06287290587502445, "gamma": 1.824769750376616}}
{"target": 2.4788036296873095, "params": {"C": 473.8216171571999, "epsilon": 4.784640404303959, "gamma": 0.38134548800822493}}
{"target": 2.871255096097326, "params": {"C": 499.94533353559217, "epsilon": 2.3620446823230674, "gamma": 0.5403475334176285}}
{"target": 2.354505203717824, "params": {"C": 499.004184169782, "epsilon": 3.9983295695589187, "gamma": 3.2105656412982975}}
{"target": 2.9856009976984095, "params": {"C": 496.2156026996211, "epsilon": 0.4075155144499991, "gamma": 0.06654427189787217}}
{"target": 1.989190566696037, "params": {"C": 493.76786662189164, "epsilon": 0.001, "gamma": 0.001}}
{"target": 2.9831108096262877, "params": {"C": 497.58939543135455, "epsilon": 0.9522187194076358, "gamma": 0.2012743490380795}}
{"target": 2.69260881592102, "params": {"C": 179.22602352520667, "epsilon": 1.9936683099084576, "gamma": 0.015624471651089981}}
{"target": 2.9996516248772966, "params": {"C": 499.3115475176032, "epsilon": 0.05172513556772923, "gamma": 0.4772267426967431}}
{"target": 2.4985184693437006, "params": {"C": 170.0350400507716, "epsilon": 4.859188900727616, "gamma": 0.015804291865865572}}
{"target": 2.9674188673332913, "params": {"C": 498.2788532629627, "epsilon": 0.3546544664101975, "gamma": 2.217708287708266}}
{"target": 2.8706851512150955, "params": {"C": 285.5731163998666, "epsilon": 0.4080598089210925, "gamma": 3.992189599964066}}
{"target": 2.9909453429699235, "params": {"C": 285.2734154474878, "epsilon": 0.49880721380857396, "gamma": 0.7416476412773141}}
{"target": 2.771686091707969, "params": {"C": 284.3818146137064, "epsilon": 2.528741525563231, "gamma": 1.7819814634716478}}
{"target": 2.9984784458679803, "params": {"C": 287.38677081648024, "epsilon": 0.07167931125805643, "gamma": 0.8492132299310075}}
{"target": 2.868158399639283, "params": {"C": 288.1253627376863, "epsilon": 1.3207795788722028, "gamma": 2.743120104127898}}
{"target": 2.0764296251677825, "params": {"C": 287.1020297576053, "epsilon": 2.1830906714936025, "gamma": 0.001}}
{"target": 2.9871757756349004, "params": {"C": 282.0786108454634, "epsilon": 0.23619800287213347, "gamma": 1.6234893657535359}}
{"target": 2.974403503623144, "params": {"C": 283.21334218297534, "epsilon": 0.24069430068449574, "gamma": 0.05522769282528449}}
{"target": 2.978543669005418, "params": {"C": 280.3269689324938, "epsilon": 1.0089456679854865, "gamma": 0.12761973878520708}}
{"target": 2.9109634036728806, "params": {"C": 279.40052274314456, "epsilon": 0.8343997773370759, "gamma": 2.800331584604273}}
{"target": 2.7624106844358045, "params": {"C": 281.52189563292904, "epsilon": 2.7145717476731392, "gamma": 1.5026384054629176}}
{"target": 2.987814284640861, "params": {"C": 277.5832231537758, "epsilon": 0.6314440422437304, "gamma": 0.6889981574786602}}
{"target": 2.796775370729497, "params": {"C": 278.3602361267019, "epsilon": 3.0429334638734464, "gamma": 0.053969127605093106}}
{"target": 2.9630236889799715, "params": {"C": 276.61301608430193, "epsilon": 0.001, "gamma": 2.910520982436417}}
{"target": 2.6561699780596584, "params": {"C": 277.36514368300885, "epsilon": 2.505227651282703, "gamma": 3.316630743298685}}
{"target": 2.852083445029815, "params": {"C": 282.6067595732427, "epsilon": 0.3774055824598512, "gamma": 4.266063783459292}}
{"target": 2.9765401433293386, "params": {"C": 284.2836244217219, "epsilon": 0.1970062479985387, "gamma": 2.1624208393147524}}
{"target": 2.9306741325434302, "params": {"C": 275.6736765006587, "epsilon": 0.28307653027726387, "gamma": 0.02782074829114479}}
{"target": 2.9949107333332874, "params": {"C": 290.583930912555, "epsilon": 0.062104972322336915, "gamma": 1.4183324003583497}}
{"target": 2.929040224702097, "params": {"C": 291.829207493625, "epsilon": 0.0395272183542618, "gamma": 3.5490021720159475}}
{"target": 2.9737100122106046, "params": {"C": 292.69678943886066, "epsilon": 1.1756096555390851, "gamma": 0.2091870767692275}}
{"target": 2.8189075184568515, "params": {"C": 291.57894101714317, "epsilon": 2.1306675926213337, "gamma": 1.9342618976164758}}
{"target": 2.956696136783093, "params": {"C": 294.60345318476647, "epsilon": 0.7611130760215638, "gamma": 1.8443796488190163}}
{"target": 2.817317895282901, "params": {"C": 294.99780519729467, "epsilon": 2.8318794384154646, "gamma": 0.32847276100670847}}
{"target": 2.8449088299966485, "params": {"C": 295.0030907698853, "epsilon": 0.050334890121927496, "gamma": 4.718748886275289}}
{"target": 2.8003532592137663, "params": {"C": 289.681395123664, "epsilon": 0.40725766715638845, "gamma": 4.8200464948805894}}
{"target": 2.4592299884607995, "params": {"C": 293.2438032877008, "epsilon": 2.6948144961981084, "gamma": 4.793933357604415}}
{"target": 2.9901518788401864, "params": {"C": 295.06224739678396, "epsilon": 0.16832170692289583, "gamma": 0.08830583751734417}}
{"target": 2.997685368484629, "params": {"C": 298.03078683208537, "epsilon": 0.22185878439842796, "gamma": 0.5735258334031426}}
{"target": 2.995666501222767, "params": {"C": 301.63594851117836, "epsilon": 0.16329081281005997, "gamma": 0.10617509696408901}}
{"target": 2.980205943871667, "params": {"C": 303.9743422424029, "epsilon": 0.5980036414206332, "gamma": 1.2409531046792361}}
{"target": 2.8326493725281723, "params": {"C": 303.1432671140152, "epsilon": 2.710047635794755, "gamma": 0.43490618685357896}}
{"target": 2.9701460599403493, "params": {"C": 300.6613124519985, "epsilon": 0.24504647840196955, "gamma": 2.299554444105062}}
{"target": 2.924115278306725, "params": {"C": 303.44792037038496, "epsilon": 0.004056449642508312, "gamma": 3.682477889443131}}
{"target": 2.9769200307267187, "params": {"C": 297.03533925164, "epsilon": 0.001, "gamma": 2.5226196974511375}}
{"target": 2.9087878530873814, "params": {"C": 298.945810560541, "epsilon": 2.0794945387790937, "gamma": 0.12651281040529325}}
{"target": 2.956380125252217, "params": {"C": 306.5031137718406, "epsilon": 0.45802374160918385, "gamma": 2.3698429392891662}}
{"target": 1.9765230244214942, "params": {"C": 306.1490543942427, "epsilon": 0.001, "gamma": 0.001}}
{"target": 2.795399499004849, "params": {"C": 304.85758992899815, "epsilon": 1.6187975305798337, "gamma": 3.2786124330189734}}
{"target": 2.841128618255763, "params": {"C": 307.3927591298959, "epsilon": 0.021632825487591836, "gamma": 4.793810241255028}}
{"target": 2.9637333823568697, "params": {"C": 302.50579546988445, "epsilon": 0.5052340068729232, "gamma": 2.077599969758828}}
{"target": 2.644899933414467, "params": {"C": 308.3191433670263, "epsilon": 2.715890499047869, "gamma": 3.016391879838887}}
{"target": 2.974279447987732, "params": {"C": 274.4534733872814, "epsilon": 0.025434691986621516, "gamma": 2.553039139973802}}
{"target": 2.7341486054864004, "params": {"C": 273.5992239765505, "epsilon": 0.9171871258390332, "gamma": 4.895212391753496}}
{"target": 2.9905300884618775, "params": {"C": 244.12397873886954, "epsilon": 0.6810506884012318, "gamma": 0.3096491080921419}}
{"target": 2.7774003768103537, "params": {"C": 244.38177790360325, "epsilon": 2.391381959469398, "gamma": 1.9949075917763077}}
{"target": 2.989614787803675, "params": {"C": 241.37089607018075, "epsilon": 0.5253499603146781, "gamma": 0.7976644545577527}}
{"target": 2.980527192875826, "params": {"C": 242.86098636271262, "epsilon": 0.001, "gamma": 2.401093376380159}}
{"target": 2.9435389571109516, "params": {"C": 240.0195176268677, "epsilon": 0.4315124976126714, "gamma": 2.7224024317340008}}
{"target": 2.6413394276838162, "params": {"C": 241.07290962132296, "epsilon": 3.244780377125668, "gamma": 1.8943524416756812}}
{"target": 2.9908111700103417, "params": {"C": 238.76174000533973, "epsilon": 0.6170307213167698, "gamma": 0.1304453902580485}}
{"target": 2.979480161161383, "params": {"C": 236.92212305448487, "epsilon": 0.37117766156191495, "gamma": 1.7465254372312513}}
{"target": 2.850401184780329, "params": {"C": 236.35717985083167, "epsilon": 2.695166366839825, "gamma": 0.24218298411714925}}
{"target": 2.8091372334815827, "params": {"C": 236.9833369991496, "epsilon": 0.18621318736187986, "gamma": 4.968975886416223}}
{"target": 2.999016096906753, "params": {"C": 246.3284222131021, "epsilon": 0.001, "gamma": 1.146870304995635}}
{"target": 2.8786176870970546, "params": {"C": 247.90464844247217, "epsilon": 1.221444000588092, "gamma": 2.7414224099491107}}
{"target": 2.886826995671158, "params": {"C": 245.36166494937757, "epsilon": 0.33592925819582636, "gamma": 3.8536609580197028}}
{"target": 2.997352229904764, "params": {"C": 248.56963763050527, "epsilon": 0.25588858686373844, "gamma": 0.13077719033153298}}
{"target": 2.0554344779090497, "params": {"C": 246.9451121126046, "epsilon": 1.9454446961191576, "gamma": 0.001}}
{"target": 2.9592752482312696, "params": {"C": 249.98213766181146, "epsilon": 0.42488734030754355, "gamma": 2.3421414032274015}}
{"target": 2.993086228156902, "params": {"C": 251.09756245563435, "epsilon": 0.4154046994707393, "gamma": 0.10316031728130211}}
{"target": 2.813421106131316, "params": {"C": 251.62364945674082, "epsilon": 2.507645090122104, "gamma": 1.1982091170188591}}
{"target": 2.8273943819309513, "params": {"C": 248.72826643280752, "epsilon": 0.001, "gamma": 4.971547228755348}}
{"target": 2.7978830555534593, "params": {"C": 237.91419094607815, "epsilon": 2.1124445811073786, "gamma": 2.308647788192621}}
{"target": 1.9777137248736534, "params": {"C": 235.62298668563696, "epsilon": 0.001, "gamma": 0.001}}
{"target": 2.9363060605673157, "params": {"C": 296.5547048465312, "epsilon": 1.4346788520664804, "gamma": 1.0426451608270215}}
