{"target": 2.9996458006692035, "params": {"C": 371.7368475938368, "epsilon": 0.06160305355551804, "gamma": 0.42950417897205306}}
{"target": 2.9997653908053103, "params": {"C": 346.21225004553344, "epsilon": 0.06401649888812705, "gamma": 0.2000262692599124}}
{"target": 2.999788113790906, "params": {"C": 346.6181718969322, "epsilon": 0.06294550634841074, "gamma": 0.22555810728842818}}
{"target": 2.9994224158920386, "params": {"C": 346.2728587710174, "epsilon": 0.05737030022536051, "gamma": 0.6086275140895941}}
{"target": 2.999883807209089, "params": {"C": 138.119668801204, "epsilon": 0.005470290409848265, "gamma": 0.5519228237089442}}
{"target": 2.9998297851942692, "params": {"C": 171.6998225901775, "epsilon": 0.044206344210388285, "gamma": 0.3253952393556667}}
{"target": 2.9998745014205426, "params": {"C": 172.16054956170717, "epsilon": 0.001039461316895745, "gamma": 0.5796443899412601}}
{"target": 2.9998786916904208, "params": {"C": 424.42586897041053, "epsilon": 0.029877223030658158, "gamma": 0.34804470868699056}}
{"target": 2.9998477043966725, "params": {"C": 171.29331976871464, "epsilon": 0.03599555847867323, "gamma": 0.37524720980871396}}
{"target": 2.9996337342360606, "params": {"C": 137.90515522447936, "epsilon": 0.02184454265231142, "gamma": 0.6928489553927182}}
{"target": 2.999312534827756, "params": {"C": 50.20623872410629, "epsilon": 0.02962554390239598, "gamma": 0.20264578650553378}}
{"target": 2.999885864716601, "params": {"C": 138.2981856098455, "epsilon": 0.0267953468703838, "gamma": 0.3397202359099414}}
{"target": 2.999670934236185, "params": {"C": 138.4689012393702, "epsilon": 0.029100649890116393, "gamma": 0.6110259501754179}}
{"target": 2.999734164389326, "params": {"C": 138.11305593916074, "epsilon": 0.054049290915566386, "gamma": 0.216412612624923}}
{"target": 2.9999225728272, "params": {"C": 78.50459596509242, "epsilon": 0.004943271885453768, "gamma": 0.38482303910551585}}
{"target": 2.999840952169664, "params": {"C": 78.42085318481722, "epsilon": 0.0018332062717758629, "gamma": 0.6078619761098667}}
{"target": 2.99991089630066, "params": {"C": 138.28887875672305, "epsilon": 0.020643091872508543, "gamma": 0.3357676029088431}}
{"target": 2.999925847084805, "params": {"C": 172.02426052537984, "epsilon": 0.007914231972056766, "gamma": 0.44369379979444856}}
{"target": 2.9997850063414395, "params": {"C": 78.30028640384052, "epsilon": 0.0424291950741786, "gamma": 0.2595703108421561}}
{"target": 2.999619909422362, "params": {"C": 78.67642478507852, "epsilon": 0.04896250959892021, "gamma": 0.5211628222661302}}
{"target": 2.9998651672073864, "params": {"C": 171.46813715980971, "epsilon": 0.008887922638692106, "gamma": 0.55456886249887}}
{"target": 2.9998490467728276, "params": {"C": 138.14644314680103, "epsilon": 0.031265551017743025, "gamma": 0.40634523375190523}}
{"target": 2.9997764337662343, "params": {"C": 149.72169502661146, "epsilon": 0.05933881715323693, "gamma": 0.265328405944937}}
{"target": 2.9997662303477712, "params": {"C": 384.71033351668785, "epsilon": 0.01730998051731127, "gamma": 0.6375952528904993}}
{"target": 2.9997570387055537, "params": {"C": 171.66179169481282, "epsilon": 0.012017977696028224, "gamma": 0.6650736458282434}}
{"target": 2.999397180520999, "params": {"C": 411.10876860196896, "epsilon": 0.052559978546218564, "gamma": 0.644764498673154}}
{"target": 2.9998614096625387, "params": {"C": 424.58298958517213, "epsilon": 0.022658134799879773, "gamma": 0.47309123931291536}}
{"target": 2.999757337864625, "params": {"C": 117.31341053878808, "epsilon": 0.04181827737758324, "gamma": 0.4476210553729175}}
{"target": 2.999630774208696, "params": {"C": 117.74322949384599, "epsilon": 0.03756327813822056, "gamma": 0.58824122369981}}
{"target": 2.9993786418479393, "params": {"C": 424.41014113987205, "epsilon": 0.052930103793815256, "gamma": 0.6517570293615274}}
{"target": 2.9998331837768992, "params": {"C": 424.70025158000465, "epsilon": 0.04583524041105732, "gamma": 0.3105644590229957}}
{"target": 2.9995473780982875, "params": {"C": 78.62331124103099, "epsilon": 0.042821267612527476, "gamma": 0.2075094660793294}}
{"target": 2.9996318623705864, "params": {"C": 171.48169834485006, "epsilon": 0.07, "gamma": 0.3899832823226459}}
{"target": 2.9993983006015386, "params": {"C": 172.00265591133518, "epsilon": 0.06283256550626558, "gamma": 0.5971789712263549}}
{"target": 2.999345630175261, "params": {"C": 49.835840576188026, "epsilon": 0.04637718964085492, "gamma": 0.6955850223285795}}
{"target": 2.9996657449169017, "params": {"C": 172.0076070472056, "epsilon": 0.06940710807475042, "gamma": 0.20081934723129474}}
{"target": 2.9992411137824426, "params": {"C": 81.06058390073557, "epsilon": 0.057263473058181295, "gamma": 0.6873147968393811}}
{"target": 2.9999341396933903, "params": {"C": 439.7210908591454, "epsilon": 0.013323066864756351, "gamma": 0.40939310094763637}}
{"target": 2.999837055968313, "params": {"C": 63.79871261220829, "epsilon": 0.011771399844153908, "gamma": 0.5387414109492206}}
{"target": 2.9997352777037456, "params": {"C": 171.89040293132936, "epsilon": 0.06818227939225659, "gamma": 0.3154252596229995}}
{"target": 2.999839423993283, "params": {"C": 172.08896363399433, "epsilon": 0.03150783413471716, "gamma": 0.4188296364771894}}
{"target": 2.999725136279281, "params": {"C": 346.3603598593345, "epsilon": 0.06196082379605872, "gamma": 0.34799846203748364}}
{"target": 2.9998473357466864, "params": {"C": 171.78407259079071, "epsilon": 0.018997642412669793, "gamma": 0.22210602959931175}}
{"target": 2.9998451937428543, "params": {"C": 439.6316137732417, "epsilon": 0.030943036496051988, "gamma": 0.40816450983937125}}
{"target": 2.9997972706696068, "params": {"C": 70.53662582567291, "epsilon": 0.038757205994923036, "gamma": 0.2725157499326236}}
{"target": 2.9999220749297666, "params": {"C": 171.9106639864157, "epsilon": 0.0098771708715088, "gamma": 0.4415673050322816}}
{"target": 2.9999191870267263, "params": {"C": 78.41033587048848, "epsilon": 0.007224493184129182, "gamma": 0.40531719097453656}}
{"target": 2.99977548408196, "params": {"C": 439.7288353382352, "epsilon": 0.062204678049080524, "gamma": 0.3001493053228929}}
{"target": 2.9997465251977524, "params": {"C": 439.82770816797165, "epsilon": 0.039379169458352375, "gamma": 0.4791633641756834}}
{"target": 2.999762062112353, "params": {"C": 78.45083545710784, "epsilon": 0.03640821791644923, "gamma": 0.48139438340171736}}
{"target": 2.999818538438358, "params": {"C": 78.44121724079861, "epsilon": 0.04416060481457314, "gamma": 0.30460125189424475}}
{"target": 2.999891513122973, "params": {"C": 171.77532065586894, "epsilon": 0.0141872103622167, "gamma": 0.5024405525890216}}
{"target": 2.9998577260352146, "params": {"C": 172.2814388782549, "epsilon": 0.004640403536408549, "gamma": 0.6046366451034346}}
{"target": 2.9995251765936213, "params": {"C": 245.41878932146747, "epsilon": 0.06788042959331542, "gamma": 0.48452203282479966}}
{"target": 2.9997071137976823, "params": {"C": 346.573088139805, "epsilon": 0.04688559378022209, "gamma": 0.46126702002064046}}
{"target": 2.9995698607088475, "params": {"C": 93.19977919248608, "epsilon": 0.06576599388730921, "gamma": 0.20473561609675478}}
{"target": 2.9999484142978567, "params": {"C": 171.98553491000834, "epsilon": 0.005006951697703625, "gamma": 0.3335559893639858}}
{"target": 2.99989320331607, "params": {"C": 113.08366371176598, "epsilon": 0.015435722269981612, "gamma": 0.4653002138720395}}
{"target": 2.9999091950202046, "params": {"C": 417.94409356493577, "epsilon": 0.009272540133845632, "gamma": 0.47915442816853127}}
{"target": 2.999492688581506, "params": {"C": 417.8509248012512, "epsilon": 0.06515513930411192, "gamma": 0.5237350511031655}}
{"target": 2.9993793117099115, "params": {"C": 270.3523614106295, "epsilon": 0.050042190754792416, "gamma": 0.6665190465974591}}
{"target": 2.9999521784070735, "params": {"C": 424.5491916506765, "epsilon": 0.003485982085722923, "gamma": 0.2627842421133471}}
{"target": 2.9996044389632557, "params": {"C": 420.6148395214601, "epsilon": 0.0589827740944329, "gamma": 0.4687444837801565}}
{"target": 2.9998074052365653, "params": {"C": 418.01863652583154, "epsilon": 0.043487911544787074, "gamma": 0.3723980961080008}}
{"target": 2.9998362353675363, "params": {"C": 402.53236291251324, "epsilon": 0.010722315763906056, "gamma": 0.5961308003696952}}
{"target": 2.999854159058047, "params": {"C": 138.29989966396943, "epsilon": 0.012090248375335805, "gamma": 0.23054006298573354}}
{"target": 2.999941947825002, "params": {"C": 213.3050441500799, "epsilon": 0.0034350329404168023, "gamma": 0.2774251631739774}}
{"target": 2.999336644460606, "params": {"C": 41.94700296741367, "epsilon": 0.0034918012698780115, "gamma": 0.21491246593790414}}
{"target": 2.9998500429240567, "params": {"C": 213.22574508068405, "epsilon": 0.03593913019682723, "gamma": 0.36754395797825634}}
{"target": 2.999871831418268, "params": {"C": 213.44970700862154, "epsilon": 0.033884100689475005, "gamma": 0.33139107051125083}}
{"target": 2.9998846696524692, "params": {"C": 424.42077158295064, "epsilon": 0.03206358944556585, "gamma": 0.23034061862619937}}
{"target": 2.9997357269113083, "params": {"C": 213.42905906935758, "epsilon": 0.05991053261739954, "gamma": 0.2026866949083561}}
{"target": 2.999909422822964, "params": {"C": 346.4379495306613, "epsilon": 0.011696883599351556, "gamma": 0.22709869606796557}}
{"target": 2.9996712033018014, "params": {"C": 418.08034330183744, "epsilon": 0.03954047428857603, "gamma": 0.5482198359111898}}
{"target": 2.9997558573216674, "params": {"C": 213.2051461172678, "epsilon": 0.06244129618016313, "gamma": 0.22032974765147778}}
{"target": 2.9999510722495675, "params": {"C": 330.37937897698504, "epsilon": 0.007840662666500993, "gamma": 0.27174982662842007}}
{"target": 2.9998633100831027, "params": {"C": 330.48609692802376, "epsilon": 0.02008077582719817, "gamma": 0.21008765362938214}}
{"target": 2.99988744559297, "params": {"C": 330.5152909740482, "epsilon": 0.028640843579679588, "gamma": 0.3501160534711638}}
{"target": 2.999583321633032, "params": {"C": 330.3338898835705, "epsilon": 0.06759644594746536, "gamma": 0.4459058133498822}}
{"target": 2.9998017466815847, "params": {"C": 171.29145671788305, "epsilon": 0.0042531613189288634, "gamma": 0.2050450690397329}}
{"target": 2.999946497180362, "params": {"C": 213.3551467987127, "epsilon": 0.007277040758026993, "gamma": 0.3814888927262369}}
{"target": 2.9994582762604014, "params": {"C": 113.10905185261106, "epsilon": 0.053075314482114416, "gamma": 0.6114420435079293}}
{"target": 2.9999316394831013, "params": {"C": 168.62804303464495, "epsilon": 0.0015868909876749723, "gamma": 0.2778775721691528}}
{"target": 2.9997912794472352, "params": {"C": 168.49145822187086, "epsilon": 0.038274874165310585, "gamma": 0.21130583057755353}}
{"target": 2.999864591823875, "params": {"C": 171.5259426724258, "epsilon": 0.025695776626524426, "gamma": 0.24422943058510754}}
{"target": 2.999920540073286, "params": {"C": 113.15288405425991, "epsilon": 0.013678198303642301, "gamma": 0.3530820657642024}}
{"target": 2.9997980022835984, "params": {"C": 112.94441720267997, "epsilon": 0.049447696793192664, "gamma": 0.3411570696417856}}
{"target": 2.9998218161569064, "params": {"C": 168.72052729692334, "epsilon": 0.038922510194740884, "gamma": 0.3965032816111179}}
{"target": 2.9997390220317235, "params": {"C": 213.38525260150334, "epsilon": 0.03432105336426622, "gamma": 0.5251139665576383}}
{"target": 2.999670092393451, "params": {"C": 168.56508895540864, "epsilon": 0.0683955421683551, "gamma": 0.36527003092137}}
{"target": 2.9998734633652577, "params": {"C": 78.26053315148545, "epsilon": 0.01734805930201567, "gamma": 0.4605670634337556}}
{"target": 2.9998759080582844, "params": {"C": 333.30829832180996, "epsilon": 0.01511597838206477, "gamma": 0.5292636823855761}}
{"target": 2.9998976578441305, "params": {"C": 330.2769819687648, "epsilon": 0.002325526299927944, "gamma": 0.2193771710074537}}
{"target": 2.999893814499565, "params": {"C": 112.78188811265308, "epsilon": 0.014500037192457016, "gamma": 0.2691527028889317}}
{"target": 2.9999553165873936, "params": {"C": 454.9759583058168, "epsilon": 0.004705630732042738, "gamma": 0.26694031983221717}}
{"target": 2.9999336539759236, "params": {"C": 454.96994102518653, "epsilon": 0.018181974393909436, "gamma": 0.3713484451198872}}
{"target": 2.9998697037226334, "params": {"C": 455.12318863610477, "epsilon": 0.0378197162165702, "gamma": 0.27525042311654496}}
{"target": 2.9998541774926943, "params": {"C": 454.8125723861573, "epsilon": 0.0399191246428798, "gamma": 0.31660483748117907}}
{"target": 2.9997322367161594, "params": {"C": 112.62417033002245, "epsilon": 0.06841312180343696, "gamma": 0.3047702182738107}}
{"target": 2.9998912313292783, "params": {"C": 296.4807722089322, "epsilon": 0.02175064904649388, "gamma": 0.42094592167319833}}
{"target": 2.9998514739865714, "params": {"C": 168.71464500882863, "epsilon": 0.028888142617211773, "gamma": 0.23586825081200435}}
{"target": 2.9997145750328316, "params": {"C": 455.100313978426, "epsilon": 0.045003788085140106, "gamma": 0.4679590865261358}}
{"target": 2.9998761794996898, "params": {"C": 296.4090964419138, "epsilon": 0.036254691318428824, "gamma": 0.27089663089798}}
{"target": 2.999753475778443, "params": {"C": 296.5836283357929, "epsilon": 0.06790315034706511, "gamma": 0.28583782802789154}}
{"target": 2.999920016117045, "params": {"C": 296.27950692545886, "epsilon": 0.013992393917656876, "gamma": 0.44899298849709357}}
{"target": 2.999584453143015, "params": {"C": 296.3139809624348, "epsilon": 0.04737833845496649, "gamma": 0.5599037401836464}}
{"target": 2.9997924421948943, "params": {"C": 49.024007697930756, "epsilon": 0.037759205482397994, "gamma": 0.4195084467223916}}
{"target": 2.999770679120777, "params": {"C": 345.13900669111104, "epsilon": 0.03648209061435071, "gamma": 0.4752740382130578}}
{"target": 2.9998572735666746, "params": {"C": 296.2496061340096, "epsilon": 0.0395284491978596, "gamma": 0.28922639643089926}}
{"target": 2.999564206457463, "params": {"C": 396.02982589042557, "epsilon": 0.03926034560813013, "gamma": 0.6241058505316052}}
{"target": 2.999796264704761, "params": {"C": 296.3268864422226, "epsilon": 0.043644311658370426, "gamma": 0.39412520800349415}}
{"target": 2.9998427326928803, "params": {"C": 424.55781325829906, "epsilon": 0.03832966493567826, "gamma": 0.3582104431324187}}
{"target": 2.9999449983097355, "params": {"C": 296.11637947214575, "epsilon": 0.014105705205243076, "gamma": 0.33748696202933115}}
{"target": 2.9998144143841072, "params": {"C": 221.21017316643213, "epsilon": 0.05165161516989309, "gamma": 0.25223189098470306}}
{"target": 2.9997033607596677, "params": {"C": 296.186782232785, "epsilon": 0.05956185981715407, "gamma": 0.38657328738693497}}
{"target": 2.9998479937253144, "params": {"C": 296.153196031027, "epsilon": 0.04406837608497393, "gamma": 0.24807209514420853}}
{"target": 2.9998490646095854, "params": {"C": 454.86351235937104, "epsilon": 0.02661639356460729, "gamma": 0.4547564167107768}}
{"target": 2.9996031755955253, "params": {"C": 222.46122372776526, "epsilon": 0.059472091638736034, "gamma": 0.46715894206478886}}
{"target": 2.9998772229831463, "params": {"C": 113.09498123398323, "epsilon": 0.013465920596318681, "gamma": 0.25275709151039055}}
{"target": 2.9998156999173915, "params": {"C": 172.09070507322903, "epsilon": 0.03809834288197015, "gamma": 0.41074344743123037}}
{"target": 2.9998593450425894, "params": {"C": 296.0114534629706, "epsilon": 0.03759556249225976, "gamma": 0.3203451423254249}}
{"target": 2.9998576642543173, "params": {"C": 304.2921673806961, "epsilon": 0.038130650621484054, "gamma": 0.3054183052963486}}
{"target": 2.9999518041881363, "params": {"C": 346.5042400038974, "epsilon": 0.012282727450313807, "gamma": 0.3152135113578581}}
{"target": 2.9999174645105438, "params": {"C": 113.29580958163795, "epsilon": 0.006021035520633098, "gamma": 0.2874756764792258}}
{"target": 2.999854604194309, "params": {"C": 113.3911254641184, "epsilon": 0.029938439081385087, "gamma": 0.4026821044250598}}
{"target": 2.999724047932174, "params": {"C": 113.43389327458804, "epsilon": 0.025566348815926714, "gamma": 0.20647557740994887}}
{"target": 2.999523569113626, "params": {"C": 344.9401158112675, "epsilon": 0.06849487715185697, "gamma": 0.4830071589326044}}
{"target": 2.9993819487285194, "params": {"C": 300.67128548185474, "epsilon": 0.05840288468267459, "gamma": 0.6245859589683469}}
{"target": 2.999825824969138, "params": {"C": 171.26878575598377, "epsilon": 0.017974553216161582, "gamma": 0.5643472166105654}}
{"target": 2.999953970360059, "params": {"C": 471.41499732035794, "epsilon": 0.01318201745083486, "gamma": 0.3186817673066831}}
{"target": 2.999747161678613, "params": {"C": 245.41698354914018, "epsilon": 0.05765128381128874, "gamma": 0.3493581830168908}}
{"target": 2.999694488700483, "params": {"C": 471.46413288035814, "epsilon": 0.05330560464011486, "gamma": 0.4304595059153271}}
{"target": 2.999815301551454, "params": {"C": 471.4162371302765, "epsilon": 0.05490844896439945, "gamma": 0.247785406068185}}
{"target": 2.9999194371742135, "params": {"C": 113.24916110302004, "epsilon": 0.003837478772570431, "gamma": 0.4360068849060469}}
{"target": 2.9997955137540946, "params": {"C": 471.27113200527083, "epsilon": 0.044613899085237385, "gamma": 0.38779255426658465}}
{"target": 2.9998673512564418, "params": {"C": 172.24271576711635, "epsilon": 0.019181884899238267, "gamma": 0.4906921443932533}}
{"target": 2.9997795370987523, "params": {"C": 454.92624222238254, "epsilon": 0.06099527038075868, "gamma": 0.30390853906519577}}
{"target": 2.999698606705375, "params": {"C": 171.63946313294687, "epsilon": 0.06355312131187421, "gamma": 0.20255944897959882}}
{"target": 2.999775449061419, "params": {"C": 333.31829642146886, "epsilon": 0.04738772493023969, "gamma": 0.39298925826309394}}
{"target": 2.999587791713511, "params": {"C": 78.26550405951713, "epsilon": 0.03765218531558751, "gamma": 0.6178533151247008}}
{"target": 2.999831621751195, "params": {"C": 333.40260264210514, "epsilon": 0.0025782596534308228, "gamma": 0.642642105620356}}
{"target": 2.999805204878793, "params": {"C": 424.56945530809037, "epsilon": 0.05794451491125146, "gamma": 0.21179230115498177}}
{"target": 2.999920242044173, "params": {"C": 358.4255533268102, "epsilon": 0.02218206857873631, "gamma": 0.2653438381512378}}
{"target": 2.999937755743884, "params": {"C": 264.62039158884386, "epsilon": 0.016024985952323982, "gamma": 0.3268190232431426}}
{"target": 2.9998653352922657, "params": {"C": 264.73713406592265, "epsilon": 0.0352413614954252, "gamma": 0.33077219722113205}}
{"target": 2.9995624270736982, "params": {"C": 150.61842306416258, "epsilon": 0.04874376385374454, "gamma": 0.5677835618844869}}
{"target": 2.999859120131099, "params": {"C": 140.12591275510874, "epsilon": 0.017168972779116422, "gamma": 0.521617331039433}}
{"target": 2.9996943374241942, "params": {"C": 113.22230429000595, "epsilon": 0.0682077931827036, "gamma": 0.34525081861478757}}
{"target": 2.9997294972310877, "params": {"C": 308.5654878869021, "epsilon": 0.05805722449112045, "gamma": 0.3666746402289546}}
{"target": 2.9998117893722642, "params": {"C": 264.600251807909, "epsilon": 0.029228041447139214, "gamma": 0.4887681471422971}}
{"target": 2.999950204307593, "params": {"C": 358.4701921045094, "epsilon": 0.00532230277942765, "gamma": 0.37078957377218524}}
{"target": 2.9999561362983407, "params": {"C": 358.55037296917703, "epsilon": 0.0034044581580713828, "gamma": 0.2812396093542988}}
{"target": 2.9992237187739876, "params": {"C": 258.7509401377588, "epsilon": 0.05850782767613488, "gamma": 0.6888498636374264}}
{"target": 2.9999272747576904, "params": {"C": 428.8146572215626, "epsilon": 0.011186659261266996, "gamma": 0.43754329623627586}}
{"target": 2.9999267120627087, "params": {"C": 358.3557726140373, "epsilon": 0.013116629132673814, "gamma": 0.43637443936142983}}
{"target": 2.999938615828017, "params": {"C": 358.57588314052987, "epsilon": 0.004157731855545051, "gamma": 0.42240481846650124}}
{"target": 2.9997503971354664, "params": {"C": 358.70315794029267, "epsilon": 0.05365053739512933, "gamma": 0.37275728163723654}}
{"target": 2.9998516217509517, "params": {"C": 358.47519719150023, "epsilon": 0.0075998694736941945, "gamma": 0.5762799714084472}}
{"target": 2.999745632417677, "params": {"C": 358.3307617585208, "epsilon": 0.061663814671867885, "gamma": 0.3352304655238416}}
{"target": 2.999495883986067, "params": {"C": 358.30696165692615, "epsilon": 0.060567799852075686, "gamma": 0.5483714966727042}}
{"target": 2.9998395192367053, "params": {"C": 264.61064183877096, "epsilon": 0.03134001178526746, "gamma": 0.21027682030632905}}
{"target": 2.9998470806427813, "params": {"C": 428.89825850841277, "epsilon": 0.03974977617293639, "gamma": 0.34293544666759}}
{"target": 2.9999183549764528, "params": {"C": 358.4400913769329, "epsilon": 0.012191982553915778, "gamma": 0.4620852637703836}}
{"target": 2.999833787978721, "params": {"C": 428.9314993036463, "epsilon": 0.02263911948449323, "gamma": 0.5093928532495295}}
{"target": 2.9995122125097105, "params": {"C": 36.52587941052892, "epsilon": 0.052471077166254904, "gamma": 0.24343073152920014}}
{"target": 2.9999395825934947, "params": {"C": 264.5183368569788, "epsilon": 0.013532996756126046, "gamma": 0.3748694845979088}}
{"target": 2.999880069454389, "params": {"C": 428.7490922103618, "epsilon": 0.004236324904535048, "gamma": 0.5463325797916581}}
{"target": 2.9998977748758433, "params": {"C": 189.31909824646633, "epsilon": 0.022787007226845856, "gamma": 0.3815689983238477}}
{"target": 2.999859773868544, "params": {"C": 264.4375287825236, "epsilon": 0.03993285861254601, "gamma": 0.2593834985484623}}
{"target": 2.9999445605633914, "params": {"C": 189.45551765401618, "epsilon": 0.008671203968633384, "gamma": 0.37447763689431235}}
