{"target": 2.1585847445323845, "params": {"C": 208.51683213123997, "epsilon": 3.601902142717348, "gamma": 0.0015717597119070882}}
{"target": 2.986625449822945, "params": {"C": 151.17326299019356, "epsilon": 0.7346326981947481, "gamma": 0.4626006352492202}}
{"target": 2.866589129165991, "params": {"C": 93.13824308672169, "epsilon": 1.7284580744881954, "gamma": 1.9844406036791187}}
{"target": 2.7141209054447364, "params": {"C": 269.41297883433845, "epsilon": 2.0965533775020706, "gamma": 3.4264122824834002}}
{"target": 2.5925675171825855, "params": {"C": 102.23408034326141, "epsilon": 4.390709064518336, "gamma": 0.1379105783964329}}
{"target": 2.767632188797921, "params": {"C": 335.2370504140993, "epsilon": 2.0871067070332674, "gamma": 2.793890452400312}}
{"target": 2.9685080545137055, "params": {"C": 151.4318021821181, "epsilon": 1.0207051220981633, "gamma": 0.8741138143304967}}
{"target": 2.002348457642836, "params": {"C": 139.737738250656, "epsilon": 0.001, "gamma": 0.001}}
{"target": 1.9920231904240562, "params": {"C": 157.72891221794637, "epsilon": 0.001, "gamma": 0.001}}
{"target": 2.8227692642338162, "params": {"C": 148.1547566926602, "epsilon": 2.0116967640513748, "gamma": 2.1370822781554693}}
{"target": 2.796312740712949, "params": {"C": 87.99836883776348, "epsilon": 3.061986452093105, "gamma": 0.2755220322880151}}
{"target": 2.808755178137021, "params": {"C": 89.19007392133906, "epsilon": 0.5405349191639351, "gamma": 4.578592809618481}}
{"target": 1.9096123047334541, "params": {"C": 81.71596705671027, "epsilon": 4.9147779103931635, "gamma": 4.981011685352589}}
{"target": 2.9985378991586433, "params": {"C": 328.67947905352344, "epsilon": 0.1645673465235524, "gamma": 0.5377860080361556}}
{"target": 2.2043256853330364, "params": {"C": 327.421478412232, "epsilon": 4.387236900358671, "gamma": 3.6995957902918892}}
{"target": 2.974716891025193, "params": {"C": 333.3500867173986, "epsilon": 0.3328718729303701, "gamma": 0.05163445377206267}}
{"target": 1.977978207978058, "params": {"C": 340.6398041975663, "epsilon": 0.001, "gamma": 0.001}}
{"target": 2.09737172345954, "params": {"C": 150.519071277203, "epsilon": 5.0, "gamma": 0.001}}
{"target": 2.1022972124982298, "params": {"C": 331.2127499665313, "epsilon": 2.591682057820919, "gamma": 0.001}}
{"target": 2.9864105096384996, "params": {"C": 149.87841065164477, "epsilon": 0.12877995946455434, "gamma": 1.8609075779549624}}
{"target": 1.977214538140261, "params": {"C": 326.308313865627, "epsilon": 0.001, "gamma": 0.001}}
{"target": 2.8621429602716937, "params": {"C": 150.25087322050064, "epsilon": 1.4114441507278543, "gamma": 2.6833244683262603}}
{"target": 2.9923858763149878, "params": {"C": 330.8565949121371, "epsilon": 0.0342316309778305, "gamma": 1.7354834480912693}}
{"target": 2.9627966019959455, "params": {"C": 333.60287689645827, "epsilon": 0.13393793890151212, "gamma": 2.6825647754636943}}
{"target": 2.983590030165433, "params": {"C": 90.54058944745748, "epsilon": 0.673369860978903, "gamma": 0.8797778027191796}}
{"target": 2.528355634066542, "params": {"C": 90.66112309774141, "epsilon": 3.7210823356277407, "gamma": 2.0786806318787043}}
{"target": 2.0092090140737855, "params": {"C": 93.01117941647057, "epsilon": 0.001, "gamma": 0.001}}
{"target": 2.9719280353167687, "params": {"C": 88.67790203248384, "epsilon": 0.5392699789748489, "gamma": 1.728451490549639}}
{"target": 2.8936766891456096, "params": {"C": 91.52050299585866, "epsilon": 0.28289527144198684, "gamma": 3.8170115078321367}}
{"target": 2.9368226042286247, "params": {"C": 329.2519891166894, "epsilon": 0.3422638838365694, "gamma": 2.9921211791990032}}
{"target": 2.5968713651510646, "params": {"C": 94.09363519462165, "epsilon": 2.139793165128277, "gamma": 4.502566758405736}}
{"target": 2.8531852506922895, "params": {"C": 331.64801310187414, "epsilon": 0.001, "gamma": 4.674610439166884}}
{"target": 1.999921944439031, "params": {"C": 148.04414868394718, "epsilon": 0.001, "gamma": 0.001}}
{"target": 2.8941416462876877, "params": {"C": 148.757158928059, "epsilon": 0.001, "gamma": 4.144972075175259}}
{"target": 2.994517604306437, "params": {"C": 335.4488187749865, "epsilon": 0.3535849312240945, "gamma": 0.7157112495249373}}
{"target": 2.866499573469514, "params": {"C": 152.49633316511265, "epsilon": 0.05080072236324833, "gamma": 4.455010027128073}}
{"target": 2.1137933894849765, "params": {"C": 86.94330683914636, "epsilon": 0.5548356032297249, "gamma": 0.0038792350093506847}}
{"target": 2.906678279619832, "params": {"C": 90.18182577876607, "epsilon": 0.9137280787794099, "gamma": 2.7569540013690643}}
{"target": 2.4629209028633623, "params": {"C": 148.0291411202753, "epsilon": 2.7156414535054383, "gamma": 4.730063359890468}}
{"target": 2.860999866243992, "params": {"C": 335.2596393161059, "epsilon": 2.6137786540333514, "gamma": 0.15307944395868897}}
{"target": 2.9678405472487697, "params": {"C": 336.69249923773293, "epsilon": 0.008103498124079872, "gamma": 2.7732415445144456}}
{"target": 2.8281460035745134, "params": {"C": 335.6050349473137, "epsilon": 0.12988708027783097, "gamma": 4.823245851005887}}
{"target": 2.984145010998586, "params": {"C": 151.928578145375, "epsilon": 0.001, "gamma": 2.2654377840711595}}
{"target": 2.7812470069601667, "params": {"C": 338.79276158790594, "epsilon": 0.6396337549793849, "gamma": 4.752749253070881}}
{"target": 2.5781993067694873, "params": {"C": 154.46185444209323, "epsilon": 2.392369605593977, "gamma": 4.2731413319809075}}
{"target": 2.245054385483153, "params": {"C": 338.33121779179567, "epsilon": 3.9358915860932138, "gamma": 4.318804107687627}}
{"target": 2.5770114861875166, "params": {"C": 87.13289000997837, "epsilon": 2.878815884000366, "gamma": 3.4187883164851782}}
{"target": 2.4269341071682557, "params": {"C": 95.19182900225535, "epsilon": 4.53896711188006, "gamma": 1.3302216178299837}}
{"target": 2.4821015910870665, "params": {"C": 332.85086996998365, "epsilon": 2.7129294367980825, "gamma": 4.576169554367774}}
{"target": 2.582577947314057, "params": {"C": 272.821568494014, "epsilon": 3.4316148903022623, "gamma": 2.149732745543557}}
{"target": 1.9967717724080052, "params": {"C": 152.9461306397495, "epsilon": 0.001, "gamma": 0.001}}
{"target": 2.9522356373475036, "params": {"C": 334.1471538881895, "epsilon": 1.154578956854222, "gamma": 1.1770046654903308}}
{"target": 2.8791060879286974, "params": {"C": 150.41684484198768, "epsilon": 0.1043972018487115, "gamma": 4.230538785315274}}
{"target": 2.9998285270927108, "params": {"C": 329.970333622774, "epsilon": 0.013991435037768882, "gamma": 0.6038306416903274}}
{"target": 2.9089507609678034, "params": {"C": 266.16837025717945, "epsilon": 1.5290396554016905, "gamma": 1.5498061383041932}}
{"target": 2.839585726162452, "params": {"C": 265.36535445064493, "epsilon": 0.8273302959490327, "gamma": 3.879903159554943}}
{"target": 2.4944673439303804, "params": {"C": 265.3833876256127, "epsilon": 3.3800493263713887, "gamma": 3.220488934856126}}
{"target": 2.993913261680864, "params": {"C": 264.37677193978595, "epsilon": 0.1636758558840724, "gamma": 1.2798949047660004}}
{"target": 2.9262003615799435, "params": {"C": 262.18040584681296, "epsilon": 0.8703429500588634, "gamma": 2.437082447847722}}
{"target": 2.912766473269892, "params": {"C": 262.7235698154778, "epsilon": 2.024569458315676, "gamma": 0.08867725117307693}}
{"target": 2.9996943366682, "params": {"C": 260.52355696311866, "epsilon": 0.060997441872386475, "gamma": 0.3853984521971396}}
{"target": 2.8980491283287497, "params": {"C": 259.2675188948081, "epsilon": 1.510700652872207, "gamma": 1.8251537333693846}}
{"target": 1.9760511869852053, "params": {"C": 266.69752204537053, "epsilon": 0.001, "gamma": 0.001}}
{"target": 2.890042192129426, "params": {"C": 260.3163252802171, "epsilon": 2.197465422142086, "gamma": 0.44422005402666226}}
{"target": 1.9766050676443563, "params": {"C": 258.2031858757604, "epsilon": 0.001, "gamma": 0.001}}
{"target": 2.9941636324249816, "params": {"C": 261.95968685208953, "epsilon": 0.008083377376392163, "gamma": 0.10087760423645892}}
{"target": 2.473692274922909, "params": {"C": 260.13371448736746, "epsilon": 3.539251103932636, "gamma": 3.0816582918708986}}
{"target": 2.97791395485004, "params": {"C": 260.8755012341742, "epsilon": 0.5728893286293288, "gamma": 1.4125142957497079}}
{"target": 2.9078353266445713, "params": {"C": 264.2426826865007, "epsilon": 1.2292546097744752, "gamma": 2.17694513430338}}
{"target": 2.781317827382558, "params": {"C": 259.09972195736043, "epsilon": 0.4767783290917092, "gamma": 4.93924250520482}}
{"target": 2.7905113143946494, "params": {"C": 262.59262831241733, "epsilon": 0.555512206007181, "gamma": 4.755416771649186}}
{"target": 2.650424049114269, "params": {"C": 264.7906006906541, "epsilon": 3.8880473673491065, "gamma": 0.022979652139418626}}
{"target": 2.646254326708629, "params": {"C": 255.28567928071737, "epsilon": 1.5879902748616423, "gamma": 4.860264692018569}}
{"target": 2.8559340587953352, "params": {"C": 446.2287803758698, "epsilon": 2.5483460406060257, "gamma": 0.038913856586433766}}
{"target": 2.976800406647918, "params": {"C": 445.0288856627035, "epsilon": 0.5895076008057336, "gamma": 1.4295856926758579}}
{"target": 2.8471543595574484, "params": {"C": 443.7438492174944, "epsilon": 2.210760470843149, "gamma": 1.267820748141541}}
{"target": 2.9055531921675497, "params": {"C": 447.2151476488756, "epsilon": 1.1709980886442453, "gamma": 2.3325691605869188}}
{"target": 2.735641812968371, "params": {"C": 445.4710186675265, "epsilon": 2.2746953526889615, "gamma": 2.837469023108884}}
{"target": 2.998241674921705, "params": {"C": 448.26819714835943, "epsilon": 0.2528432945728546, "gamma": 0.16783429441479691}}
{"target": 2.8699632662356103, "params": {"C": 449.5264447027797, "epsilon": 2.237953028573167, "gamma": 0.8569745978906617}}
{"target": 2.987501691602361, "params": {"C": 450.3525066626199, "epsilon": 0.19313948646673024, "gamma": 1.6797480990021572}}
{"target": 2.89135426343657, "params": {"C": 448.57631440811036, "epsilon": 0.17993860161432537, "gamma": 3.974030470190025}}
{"target": 2.651809716090187, "params": {"C": 450.08173249122177, "epsilon": 2.495252852397046, "gamma": 3.3830484754315533}}
{"target": 2.9497328245363508, "params": {"C": 452.49147013686456, "epsilon": 1.5797788031806443, "gamma": 0.17811398628125308}}
{"target": 2.9576891833083687, "params": {"C": 453.89650006668063, "epsilon": 0.5750543606390941, "gamma": 2.144483764572519}}
{"target": 1.98363653956378, "params": {"C": 454.41510661472233, "epsilon": 0.001, "gamma": 0.001}}
{"target": 2.8832335132940807, "params": {"C": 452.3708009729124, "epsilon": 0.9246450777492284, "gamma": 3.1409488168390673}}
{"target": 2.727322894567645, "params": {"C": 453.21969091183195, "epsilon": 2.762130122884706, "gamma": 1.8855408886511493}}
{"target": 2.9993405116899385, "params": {"C": 446.35834006676987, "epsilon": 0.08591095477755577, "gamma": 0.5264413966415559}}
{"target": 2.8258430617018555, "params": {"C": 455.02822264590776, "epsilon": 0.4710214578359059, "gamma": 4.469260037493457}}
{"target": 2.981169670308408, "params": {"C": 442.34959026489105, "epsilon": 0.24813783271851075, "gamma": 1.894439736288483}}
{"target": 2.8597768333236777, "params": {"C": 442.90962787792984, "epsilon": 0.5423884712957996, "gamma": 3.9736088998639936}}
{"target": 2.798868049253186, "params": {"C": 440.70053257078644, "epsilon": 1.8160127752914155, "gamma": 2.887648144203145}}
{"target": 2.9763371719261085, "params": {"C": 441.5279393155296, "epsilon": 1.035283380874641, "gamma": 0.3340661914671857}}
{"target": 2.998969949808556, "params": {"C": 443.15873518382995, "epsilon": 0.13897326633055435, "gamma": 0.4778488240874961}}
{"target": 2.991451815958574, "params": {"C": 439.0999957133316, "epsilon": 0.4663690265224828, "gamma": 0.7796349324209356}}
{"target": 2.8515161727362304, "params": {"C": 438.66464101895343, "epsilon": 2.6293533312761066, "gamma": 0.04937805065843263}}
{"target": 2.861271003457298, "params": {"C": 437.1138160186303, "epsilon": 1.749718076909889, "gamma": 2.037847778946207}}
{"target": 2.995153008650706, "params": {"C": 436.9632986816096, "epsilon": 0.3935511078752814, "gamma": 0.11778096193346904}}
{"target": 2.9984949793085702, "params": {"C": 434.0704123742901, "epsilon": 0.1421119225454254, "gamma": 0.6280675730389572}}
{"target": 2.829513353729287, "params": {"C": 434.16855969682535, "epsilon": 2.5437997291161003, "gamma": 0.9307814575914805}}
{"target": 2.9378087504338968, "params": {"C": 433.8930548102185, "epsilon": 0.20234622774284414, "gamma": 3.156183700059144}}
{"target": 2.984268930724655, "params": {"C": 431.7273084936411, "epsilon": 0.129375233658514, "gamma": 1.9663806845730463}}
{"target": 2.725333586413052, "params": {"C": 431.34530028023096, "epsilon": 1.655688298713501, "gamma": 4.020884754095159}}
{"target": 2.9288887173154703, "params": {"C": 429.9546172585261, "epsilon": 1.7598535331673295, "gamma": 0.43912037426483375}}
{"target": 2.9441406763827054, "params": {"C": 432.1748429734389, "epsilon": 1.5560777406857973, "gamma": 0.39950304749501053}}
{"target": 2.9892413848134094, "params": {"C": 427.66771144676926, "epsilon": 0.2719639465674317, "gamma": 1.4268459278157164}}
{"target": 2.7363484156225413, "params": {"C": 427.14909142471663, "epsilon": 2.7215110983459003, "gamma": 1.8541536145165083}}
{"target": 2.9876423911893903, "params": {"C": 424.7390203543328, "epsilon": 0.36253488467029765, "gamma": 1.3322698093786118}}
{"target": 2.925232176905885, "params": {"C": 424.70992106564944, "epsilon": 0.09313554082219763, "gamma": 3.5411004598679656}}
{"target": 2.9183052834394365, "params": {"C": 422.61024801513855, "epsilon": 1.419033006753954, "gamma": 1.5648664889369215}}
{"target": 2.8729972790167757, "params": {"C": 427.9983471822177, "epsilon": 0.3630161918796243, "gamma": 4.013958029944451}}
{"target": 2.999888851814998, "params": {"C": 429.99225665833137, "epsilon": 0.03190978525118667, "gamma": 0.2554607063714639}}
{"target": 2.5126781775923117, "params": {"C": 423.3720647072828, "epsilon": 2.8195309246365676, "gamma": 4.134402232467191}}
{"target": 2.9839059295499886, "params": {"C": 419.6740156782904, "epsilon": 0.7966725078659795, "gamma": 0.5212351328597719}}
{"target": 2.945091525389449, "params": {"C": 420.1737685282215, "epsilon": 0.17604817650002932, "gamma": 3.040139543526164}}
{"target": 2.9315293653836507, "params": {"C": 417.6983833624917, "epsilon": 1.0052857234908505, "gamma": 2.0688647252473524}}
{"target": 2.7103614833456016, "params": {"C": 419.8454463836822, "epsilon": 2.832853146174002, "gamma": 1.950674998693918}}
{"target": 2.7987972466122235, "params": {"C": 417.33575740635234, "epsilon": 0.5900993767119563, "gamma": 4.627663488301805}}
{"target": 2.9931351015316876, "params": {"C": 415.6672738032344, "epsilon": 0.5105274633470122, "gamma": 0.4425852633727729}}
{"target": 2.795475308779256, "params": {"C": 415.8214518977336, "epsilon": 3.120277067087103, "gamma": 0.11298788530339308}}
{"target": 2.9776027581000193, "params": {"C": 414.2771422055577, "epsilon": 0.001, "gamma": 2.500432142832361}}
{"target": 2.969622713496348, "params": {"C": 412.75859431306503, "epsilon": 1.145616123147477, "gamma": 0.4545700399026071}}
{"target": 2.7586572007183654, "params": {"C": 412.44592074967875, "epsilon": 2.1281767204664157, "gamma": 2.831688618880474}}
{"target": 1.9826532855688932, "params": {"C": 422.08495768747025, "epsilon": 0.001, "gamma": 0.001}}
{"target": 2.9926118880282333, "params": {"C": 418.2516440756033, "epsilon": 0.5959972071790434, "gamma": 0.23848384220923852}}
{"target": 1.9812853685709677, "params": {"C": 410.61891538620665, "epsilon": 0.001, "gamma": 0.001}}
{"target": 2.9025294386055274, "params": {"C": 414.3149604357823, "epsilon": 1.6973504203278476, "gamma": 1.32183484266959}}
{"target": 2.966958567666948, "params": {"C": 429.9365864887496, "epsilon": 0.29057528791057674, "gamma": 2.327784399584299}}
{"target": 2.907544217919432, "params": {"C": 436.5408578586988, "epsilon": 0.001, "gamma": 3.9497466910024217}}
{"target": 2.9492543653148218, "params": {"C": 450.56299242229653, "epsilon": 1.0344736586746268, "gamma": 0.029551701678332855}}
{"target": 2.485141703674399, "params": {"C": 435.12870174781693, "epsilon": 2.965226267405502, "gamma": 4.1184022525063195}}
{"target": 2.7633028599734635, "params": {"C": 424.1501858125679, "epsilon": 3.2138473738383135, "gamma": 0.49497672414786825}}
{"target": 2.8248205384160805, "params": {"C": 414.02827749903724, "epsilon": 0.001, "gamma": 5.0}}
{"target": 2.973329035375966, "params": {"C": 426.6819654212357, "epsilon": 0.22305710030630832, "gamma": 0.05527888125784122}}
{"target": 2.515940285354411, "params": {"C": 413.0010876772128, "epsilon": 4.756816396431292, "gamma": 0.1809581610076658}}
{"target": 2.8248205384160805, "params": {"C": 445.9027049399267, "epsilon": 0.001, "gamma": 5.0}}
{"target": 2.9880625527366633, "params": {"C": 436.33515095416334, "epsilon": 0.06706208269560715, "gamma": 1.8960646291841536}}
{"target": 2.6191096896787003, "params": {"C": 441.84335488627687, "epsilon": 4.119182346251735, "gamma": 0.288815218515555}}
{"target": 2.300363644403899, "params": {"C": 459.7792662043828, "epsilon": 3.331503296721838, "gamma": 4.996894982520553}}
{"target": 2.517407464552346, "params": {"C": 430.85955290347715, "epsilon": 4.776725101986647, "gamma": 0.15309014389677947}}
{"target": 2.9575910265951597, "params": {"C": 438.86279851391475, "epsilon": 0.001, "gamma": 3.039520161537525}}
{"target": 2.5768195398351237, "params": {"C": 17.308134603775766, "epsilon": 3.3899615916738854, "gamma": 2.315436505162432}}
{"target": 2.916721176503082, "params": {"C": 47.694942751020726, "epsilon": 1.8551468775139266, "gamma": 0.6473837738427474}}
{"target": 2.9912507089405125, "params": {"C": 49.93418692079659, "epsilon": 0.28358858464199327, "gamma": 1.2549115047513382}}
{"target": 2.771871021516829, "params": {"C": 50.311060798899526, "epsilon": 2.68102935287929, "gamma": 1.439253570246526}}
{"target": 2.870682617985296, "params": {"C": 47.859672198218746, "epsilon": 0.8804581793030436, "gamma": 3.395669610570055}}
{"target": 2.922148285786995, "params": {"C": 51.6474272621867, "epsilon": 0.11927905883644381, "gamma": 3.56058511933564}}
{"target": 2.991488763287972, "params": {"C": 52.783385946208696, "epsilon": 0.4151920138379963, "gamma": 0.9347559876085619}}
{"target": 2.8744766062268834, "params": {"C": 54.30605391486895, "epsilon": 1.0065175295597384, "gamma": 3.1561503833616324}}
{"target": 2.8534918076729916, "params": {"C": 54.318568999725244, "epsilon": 2.5299847924831975, "gamma": 0.5206448793968724}}
{"target": 2.9993751345759634, "params": {"C": 55.40395378488974, "epsilon": 0.004692438372521902, "gamma": 0.9626764533361398}}
{"target": 2.9352766358125617, "params": {"C": 57.545956940800224, "epsilon": 1.1952566103339783, "gamma": 1.6038749262414638}}
{"target": 2.8342584117628675, "params": {"C": 57.85071143033791, "epsilon": 0.34615282558386584, "gamma": 4.514065970180668}}
{"target": 2.0417167841890587, "params": {"C": 58.99535273100219, "epsilon": 0.001, "gamma": 0.001}}
{"target": 2.6794835868368687, "params": {"C": 56.67599054920394, "epsilon": 2.720905276751372, "gamma": 2.5944261690749393}}
{"target": 2.999024792857274, "params": {"C": 46.059467626115286, "epsilon": 0.001, "gamma": 1.1087999490038807}}
{"target": 2.9050410797871544, "params": {"C": 44.40360609395071, "epsilon": 1.413988048934835, "gamma": 1.8755847188279773}}
{"target": 2.8752374541440284, "params": {"C": 44.84309394526842, "epsilon": 0.35019791011250384, "gamma": 3.998656945983802}}
{"target": 2.399552218528855, "params": {"C": 45.88361688885766, "epsilon": 3.929851379312411, "gamma": 2.931975944144656}}
{"target": 2.997942438692471, "params": {"C": 43.181120473305285, "epsilon": 0.14451346329453738, "gamma": 0.7810730586848262}}
{"target": 2.9635089183682433, "params": {"C": 41.081695237299535, "epsilon": 0.4360291072975264, "gamma": 2.2021721532832585}}
{"target": 2.057920471260003, "params": {"C": 40.706476597910424, "epsilon": 0.001, "gamma": 0.001}}
{"target": 2.84707204936383, "params": {"C": 42.12717825676133, "epsilon": 0.6856532832363416, "gamma": 3.959717583561353}}
{"target": 2.061237841033762, "params": {"C": 44.84414653824449, "epsilon": 0.8458996327421762, "gamma": 0.001}}
{"target": 2.974622647968745, "params": {"C": 43.601671670131246, "epsilon": 0.08801157554920366, "gamma": 2.4148302293312662}}
{"target": 2.938804954798798, "params": {"C": 46.296714583537025, "epsilon": 0.5323749799725748, "gamma": 2.6868796793209495}}
{"target": 2.6215765746265247, "params": {"C": 413.91360920480776, "epsilon": 0.199637975278654, "gamma": 0.00993301115209537}}
{"target": 2.883936384791255, "params": {"C": 42.48791113450382, "epsilon": 1.5454511249088894, "gamma": 2.0373242858679332}}
{"target": 2.979706918675462, "params": {"C": 48.345333828201476, "epsilon": 0.3665855152143485, "gamma": 1.7454369482651}}
{"target": 2.8342793038453054, "params": {"C": 415.5583274688799, "epsilon": 1.5948848941969458, "gamma": 2.786852622147766}}
{"target": 2.9482397844171455, "params": {"C": 426.127716748035, "epsilon": 0.7604034427136532, "gamma": 2.0884284515833604}}
{"target": 2.8466617405862378, "params": {"C": 39.46963131879945, "epsilon": 0.9511836591876174, "gamma": 3.630094595425674}}
{"target": 2.943754755858006, "params": {"C": 56.57342498765891, "epsilon": 0.251316200852949, "gamma": 2.969043478812301}}
{"target": 2.8648498990291023, "params": {"C": 52.1957124395575, "epsilon": 1.481999927782575, "gamma": 2.510010095751967}}
{"target": 2.72987940765916, "params": {"C": 438.91106109926966, "epsilon": 0.8852546265438449, "gamma": 4.9717845025565515}}
{"target": 2.79889888570851, "params": {"C": 451.4608064323082, "epsilon": 3.037461664691782, "gamma": 0.04957294804337298}}
{"target": 2.7403788355552043, "params": {"C": 49.965134908687766, "epsilon": 0.8107121458357172, "gamma": 4.957231235294282}}
